Removed Pin From Net: NetName=P_OUT Pin=J5-1
Removed Pin From Net: NetName=P_OUT Pin=J5-2
Removed Pin From Net: NetName=P_OUT Pin=J5-3
Removed Pin From Net: NetName=P_OUT Pin=J5-4
Removed Pin From Net: NetName=P_OUT Pin=J5-5
Removed Pin From Net: NetName=3V3 Pin=J5-6
Removed Pin From Net: NetName=3V3 Pin=J5-7
Removed Pin From Net: NetName=3V3 Pin=J5-8
Removed Pin From Net: NetName=3V3 Pin=J5-9
Removed Pin From Net: NetName=3V3 Pin=J5-10
Removed Pin From Net: NetName=GND Pin=J5-11
Removed Pin From Net: NetName=GND Pin=J5-12
Removed Pin From Net: NetName=GND Pin=J5-13
Removed Pin From Net: NetName=GND Pin=J5-14
Removed Pin From Net: NetName=GND Pin=J5-15
Removed Pin From Net: NetName=GND Pin=J5-16
Removed Pin From Net: NetName=GND Pin=J5-17
Removed Member From Class: ClassName=采集卡 Member=J5
Added Component: Designator=Power(DB15-F)
Added Pin To Net: NetName=P_OUT Pin=Power-1
Added Pin To Net: NetName=P_OUT Pin=Power-2
Added Pin To Net: NetName=P_OUT Pin=Power-3
Added Pin To Net: NetName=P_OUT Pin=Power-4
Added Pin To Net: NetName=P_OUT Pin=Power-5
Added Pin To Net: NetName=3V3 Pin=Power-6
Added Pin To Net: NetName=3V3 Pin=Power-7
Added Pin To Net: NetName=3V3 Pin=Power-8
Added Pin To Net: NetName=3V3 Pin=Power-9
Added Pin To Net: NetName=3V3 Pin=Power-10
Added Pin To Net: NetName=GND Pin=Power-11
Added Pin To Net: NetName=GND Pin=Power-12
Added Pin To Net: NetName=GND Pin=Power-13
Added Pin To Net: NetName=GND Pin=Power-14
Added Pin To Net: NetName=GND Pin=Power-15
Added Pin To Net: NetName=GND Pin=Power-16
Added Pin To Net: NetName=GND Pin=Power-17
Added Member To Class: ClassName=采集卡 Member=Component Power
