Removed Pin From Net: NetName=UD- Pin=J2-2
Removed Pin From Net: NetName=UD+ Pin=J2-3
Removed Pin From Net: NetName=CANH Pin=J3-1
Removed Pin From Net: NetName=悬架行程―左前 Pin=J3-2
Removed Pin From Net: NetName=悬架行程―右前 Pin=J3-3
Removed Pin From Net: NetName=3V3 Pin=J3-4
Removed Pin From Net: NetName=3V3 Pin=J3-5
Removed Pin From Net: NetName=CANL Pin=J3-6
Removed Pin From Net: NetName=悬架行程―左后 Pin=J3-7
Removed Pin From Net: NetName=悬架行程―右后 Pin=J3-8
Removed Pin From Net: NetName=GND Pin=J3-9
Removed Pin From Net: NetName=GND Pin=J3-10
Removed Pin From Net: NetName=GND Pin=J3-11
Removed Pin From Net: NetName=5V Pin=J4-1
Removed Pin From Net: NetName=5V Pin=J4-2
Removed Pin From Net: NetName=5V Pin=J4-3
Removed Pin From Net: NetName=5V Pin=J4-4
Removed Pin From Net: NetName=5V Pin=J4-5
Removed Pin From Net: NetName=GND Pin=J4-6
Removed Pin From Net: NetName=GND Pin=J4-7
Removed Pin From Net: NetName=GND Pin=J4-8
Removed Pin From Net: NetName=GND Pin=J4-9
Removed Pin From Net: NetName=GND Pin=J4-10
Removed Pin From Net: NetName=GND Pin=J4-11
Removed Pin From Net: NetName=CAPTURE0 Pin=J5-1
Removed Pin From Net: NetName=CAPTURE1 Pin=J5-2
Removed Pin From Net: NetName=CAPTURE2 Pin=J5-3
Removed Pin From Net: NetName=CAPTURE3 Pin=J5-4
Removed Pin From Net: NetName=PWM0 Pin=J5-5
Removed Pin From Net: NetName=PWM1 Pin=J5-6
Removed Pin From Net: NetName=PWM2 Pin=J5-7
Removed Pin From Net: NetName=PWM3 Pin=J5-8
Removed Pin From Net: NetName=ADC1 Pin=J5-9
Removed Pin From Net: NetName=ADC2 Pin=J5-10
Removed Pin From Net: NetName=ADC3 Pin=J5-11
Removed Pin From Net: NetName=C_ADC1 Pin=J5-12
Removed Pin From Net: NetName=C_ADC2 Pin=J5-13
Removed Pin From Net: NetName=C_ADC3 Pin=J5-14
Removed Pin From Net: NetName=IO0 Pin=J6-1
Removed Pin From Net: NetName=IO1 Pin=J6-2
Removed Pin From Net: NetName=IO2 Pin=J6-3
Removed Pin From Net: NetName=IO3 Pin=J6-4
Removed Pin From Net: NetName=IO4 Pin=J6-5
Removed Pin From Net: NetName=IO5 Pin=J6-6
Removed Pin From Net: NetName=IO6 Pin=J6-7
Removed Pin From Net: NetName=IO7 Pin=J6-8
Removed Pin From Net: NetName=IO8 Pin=J6-9
Removed Pin From Net: NetName=GND Pin=J6-10
Removed Pin From Net: NetName=GND Pin=J6-11
Removed Pin From Net: NetName=5V Pin=SWD1-1
Removed Pin From Net: NetName=SWCLK Pin=SWD1-2
Removed Pin From Net: NetName=GND Pin=SWD1-3
Removed Pin From Net: NetName=SWDIO Pin=SWD1-4
Removed Member From Class: ClassName=采集卡 Member=J6
Removed Member From Class: ClassName=采集卡 Member=SWD1
Change Component DesignItemId : Designator=J4 Old DesignItemId=D Connector 9 New DesignItemId=D Connector 25
Change Component Footprint: Designator=J4 Old Footprint=DB9-F New Footprint=DSUB1.385-2H25A
Change Component Footprint: Designator=J5 Old Footprint=DSUB1.385-2H15 New Footprint=DB15-F
Change Component Footprint: Designator=J1 Old Footprint=SDCARD-M New Footprint=SDCARD_B
Change Component Comment : Designator=J4 Old Comment=D Connector 9 New Comment=D Connector 25
Added Component: Designator=J3(USB_MICRO)
Added Pin To Net: NetName=SWCLK Pin=J2-2
Added Pin To Net: NetName=SWDIO Pin=J2-3
Added Pin To Net: NetName=5V Pin=J2-1
Added Pin To Net: NetName=UD- Pin=J2-2
Added Pin To Net: NetName=UD+ Pin=J2-3
Added Pin To Net: NetName=GND Pin=J2-5
Added Pin To Net: NetName=IO4 Pin=J4-1
Added Pin To Net: NetName=C_ADC3 Pin=J4-2
Added Pin To Net: NetName=C_ADC2 Pin=J4-3
Added Pin To Net: NetName=C_ADC1 Pin=J4-4
Added Pin To Net: NetName=ADC3 Pin=J4-5
Added Pin To Net: NetName=ADC2 Pin=J4-6
Added Pin To Net: NetName=ADC1 Pin=J4-7
Added Pin To Net: NetName=悬架行程―右前 Pin=J4-8
Added Pin To Net: NetName=悬架行程―右后 Pin=J4-9
Added Pin To Net: NetName=悬架行程―左后 Pin=J4-10
Added Pin To Net: NetName=悬架行程―左前 Pin=J4-11
Added Pin To Net: NetName=CANL Pin=J4-12
Added Pin To Net: NetName=CANH Pin=J4-13
Added Pin To Net: NetName=IO3 Pin=J4-14
Added Pin To Net: NetName=IO2 Pin=J4-15
Added Pin To Net: NetName=IO1 Pin=J4-16
Added Pin To Net: NetName=IO0 Pin=J4-17
Added Pin To Net: NetName=CAPTURE3 Pin=J4-18
Added Pin To Net: NetName=CAPTURE2 Pin=J4-19
Added Pin To Net: NetName=CAPTURE1 Pin=J4-20
Added Pin To Net: NetName=CAPTURE0 Pin=J4-21
Added Pin To Net: NetName=PWM3 Pin=J4-22
Added Pin To Net: NetName=PWM2 Pin=J4-23
Added Pin To Net: NetName=PWM1 Pin=J4-24
Added Pin To Net: NetName=PWM0 Pin=J4-25
Added Pin To Net: NetName=GND Pin=J4-26
Added Pin To Net: NetName=GND Pin=J4-27
Added Pin To Net: NetName=5V Pin=J5-1
Added Pin To Net: NetName=5V Pin=J5-2
Added Pin To Net: NetName=5V Pin=J5-3
Added Pin To Net: NetName=5V Pin=J5-4
Added Pin To Net: NetName=5V Pin=J5-5
Added Pin To Net: NetName=3V3 Pin=J5-6
Added Pin To Net: NetName=3V3 Pin=J5-7
Added Pin To Net: NetName=3V3 Pin=J5-8
Added Pin To Net: NetName=3V3 Pin=J5-9
Added Pin To Net: NetName=3V3 Pin=J5-10
Added Pin To Net: NetName=GND Pin=J5-11
Added Pin To Net: NetName=GND Pin=J5-12
Added Pin To Net: NetName=GND Pin=J5-13
Added Pin To Net: NetName=GND Pin=J5-14
Added Pin To Net: NetName=GND Pin=J5-15
