Change Component Designator: Old Designator=0hm New Designator=2
Change Component Designator: Old Designator=3V New Designator=5
Change Component Designator: Old Designator=5V New Designator=4
Change Component Designator: Old Designator=8M New Designator=7
Change Component Designator: Old Designator=12M New Designator=8
Change Component Designator: Old Designator=1117 New Designator=3
Change Component Designator: Old Designator=2596 New Designator=1
Change Component Designator: Old Designator=6050 New Designator=6
Change Component Designator: Old Designator=C1 New Designator=C2
Change Component Designator: Old Designator=C2 New Designator=C1
Change Component Designator: Old Designator=C2 New Designator=C3
Change Component Designator: Old Designator=C3 New Designator=C4
Change Component Designator: Old Designator=C4 New Designator=C5
Change Component Designator: Old Designator=C5 New Designator=C6
Change Component Designator: Old Designator=C6 New Designator=C7
Change Component Designator: Old Designator=C7 New Designator=C8
Change Component Designator: Old Designator=C8 New Designator=C9
Change Component Designator: Old Designator=C9 New Designator=C10
Change Component Designator: Old Designator=C10 New Designator=C11
Change Component Designator: Old Designator=C11 New Designator=C12
Change Component Designator: Old Designator=C12 New Designator=C13
Change Component Designator: Old Designator=C13 New Designator=C14
Change Component Designator: Old Designator=C14 New Designator=C15
Change Component Designator: Old Designator=C15 New Designator=C16
Change Component Designator: Old Designator=C16 New Designator=C17
Change Component Designator: Old Designator=C17 New Designator=C18
Change Component Designator: Old Designator=C18 New Designator=C19
Change Component Designator: Old Designator=C19 New Designator=C20
Change Component Designator: Old Designator=CH340 New Designator=CH1
Change Component Designator: Old Designator=D5 New Designator=D3
Change Component Designator: Old Designator=Fuse New Designator=Fuse1
Change Component Designator: Old Designator=Fuse New Designator=Fuse2
Change Component Designator: Old Designator=nRF New Designator=nRF1
Change Component Designator: Old Designator=Power New Designator=Power1
Change Component Designator: Old Designator=R3 New Designator=R2
Change Component Designator: Old Designator=R4 New Designator=R3
Change Component Designator: Old Designator=R5 New Designator=R4
Change Component Designator: Old Designator=R6 New Designator=R5
Change Component Designator: Old Designator=R7 New Designator=R6
Change Component Designator: Old Designator=R9 New Designator=R8
Change Component Designator: Old Designator=R10 New Designator=R9
Change Component Designator: Old Designator=R11 New Designator=R10
Change Component Designator: Old Designator=R12 New Designator=R11
Change Component Designator: Old Designator=R13 New Designator=R12
Change Component Designator: Old Designator=R14 New Designator=R13
Change Component Designator: Old Designator=R15 New Designator=R14
Change Component Designator: Old Designator=R16 New Designator=R15
Change Component Designator: Old Designator=R17 New Designator=R16
Change Component Designator: Old Designator=R18 New Designator=R17
Change Component Designator: Old Designator=R19 New Designator=R18
Change Component Designator: Old Designator=R20 New Designator=R19
Change Component Designator: Old Designator=R21 New Designator=R20
Change Component Designator: Old Designator=R22 New Designator=R21
Change Component Designator: Old Designator=R23 New Designator=R22
Change Component Designator: Old Designator=R24 New Designator=R23
Change Component Designator: Old Designator=R25 New Designator=R24
Change Component Designator: Old Designator=RST New Designator=RST1
Change Component Designator: Old Designator=RX New Designator=RX1
Change Component Designator: Old Designator=Signal New Designator=Signal1
Change Component Designator: Old Designator=STLINK New Designator=STLINK1
Change Component Designator: Old Designator=STM32 New Designator=STM1
Change Component Designator: Old Designator=TJA1050 New Designator=TJA1
Change Component Designator: Old Designator=TX New Designator=TX1
Change Component Designator: Old Designator=UART New Designator=UART1
