Added Component: Designator=D8(DIODE-1206)
Added Pin To Net: NetName=3V3 Pin=D3-1
Added Pin To Net: NetName=3V3 Pin=D5-1
Added Pin To Net: NetName=LED1 Pin=D6-2
Added Pin To Net: NetName=LED2 Pin=D7-2
Added Pin To Net: NetName=GND Pin=D3-2
Added Pin To Net: NetName=GND Pin=D9-2
Added Pin To Net: NetName=NetD3_2 Pin=D3-2
Added Pin To Net: NetName=NetD3_2 Pin=R11-2
Added Net: Name=NetD3_2
Added Pin To Net: NetName=NetD5_2 Pin=D5-2
Added Pin To Net: NetName=NetD5_2 Pin=R13-2
Added Net: Name=NetD5_2
Added Pin To Net: NetName=NetD6_1 Pin=D6-1
Added Pin To Net: NetName=NetD6_1 Pin=R18-1
Added Net: Name=NetD6_1
Added Pin To Net: NetName=NetD7_1 Pin=D7-1
Added Pin To Net: NetName=NetD7_1 Pin=R19-1
Added Net: Name=NetD7_1
Added Pin To Net: NetName=NetD8_1 Pin=D3-1
Added Pin To Net: NetName=NetD8_1 Pin=R21-1
Added Net: Name=NetD8_1
Added Pin To Net: NetName=NetD9_1 Pin=D9-1
Added Pin To Net: NetName=NetD9_1 Pin=R22-1
Added Net: Name=NetD9_1
Added Member To Class: ClassName=²É¼¯¿¨ Member=Component D8 LED0
