Change Component Designator: Old Designator=* New Designator=*3
Change Component Designator: Old Designator=* New Designator=*4
Change Component Designator: Old Designator=C22 New Designator=C23
Change Component Designator: Old Designator=C23 New Designator=C22
Change Component Designator: Old Designator=D3 New Designator=D11
Change Component Designator: Old Designator=D4 New Designator=D5
Change Component Designator: Old Designator=D4 New Designator=D10
Change Component Designator: Old Designator=D5 New Designator=D6
Change Component Designator: Old Designator=D6 New Designator=D8
Change Component Designator: Old Designator=D7 New Designator=D9
Change Component Designator: Old Designator=D8 New Designator=D4
Change Component Designator: Old Designator=D9 New Designator=D7
Change Component Designator: Old Designator=L1 New Designator=L2
Change Component Designator: Old Designator=R11 New Designator=R25
Change Component Designator: Old Designator=R11 New Designator=R27
Change Component Designator: Old Designator=R11 New Designator=R28
Change Component Designator: Old Designator=R11 New Designator=R29
Change Component Designator: Old Designator=R12 New Designator=R13
Change Component Designator: Old Designator=R13 New Designator=R14
Change Component Designator: Old Designator=R14 New Designator=R16
Change Component Designator: Old Designator=R15 New Designator=R17
Change Component Designator: Old Designator=R16 New Designator=R18
Change Component Designator: Old Designator=R17 New Designator=R19
Change Component Designator: Old Designator=R18 New Designator=R20
Change Component Designator: Old Designator=R19 New Designator=R21
Change Component Designator: Old Designator=R20 New Designator=R22
Change Component Designator: Old Designator=R21 New Designator=R12
Change Component Designator: Old Designator=R22 New Designator=R15
Change Component Designator: Old Designator=R25 New Designator=R26
Change Component Designator: Old Designator=U? New Designator=U3
