Removed Pin From Net: NetName=RST Pin=D4-1
Removed Pin From Net: NetName=LED2 Pin=D7-2
Removed Pin From Net: NetName=NetD4_2 Pin=Q1-3
Removed Pin From Net: NetName=NetD3_1 Pin=R11-1
Removed Pin From Net: NetName=5V Pin=R11-2
Removed Pin From Net: NetName=NetD4_2 Pin=R12-2
Removed Pin From Net: NetName=NetQ1_1 Pin=R14-1
Removed Pin From Net: NetName=NetCH1_13 Pin=R14-2
Change Component DesignItemId : Designator=D4 Old DesignItemId=Diode New DesignItemId=LED0
Change Component DesignItemId : Designator=R14 Old DesignItemId=Res1 New DesignItemId=RES
Change Component DesignItemId : Designator=R11 Old DesignItemId=Res2 New DesignItemId=RES
Change Component Footprint: Designator=D4 Old Footprint=DIODE-1206 New Footprint=LED_0805
Change Component Comment : Designator=D4 Old Comment=Diode New Comment=LED0
Change Component Comment : Designator=R14 Old Comment=Res1 New Comment=472
Change Component Comment : Designator=R11 Old Comment=Res2 New Comment=472
Change Component Designator: OldDesignator=D5 NewDesignator=D6
Change Component Designator: OldDesignator=D6 NewDesignator=D8
Change Component Designator: OldDesignator=R12 NewDesignator=R13
Change Component Designator: OldDesignator=R13 NewDesignator=R15
Change Component Designator: OldDesignator=R15 NewDesignator=R17
Change Component Designator: OldDesignator=R16 NewDesignator=R18
Change Component Designator: OldDesignator=R17 NewDesignator=R19
Change Component Designator: OldDesignator=R18 NewDesignator=R20
Change Component Designator: OldDesignator=R19 NewDesignator=R21
Change Component Designator: OldDesignator=R20 NewDesignator=R22
Change Component Description : Designator=R11 Old Description=Resistor New Description=
Change Component Description : Designator=R14 Old Description=Resistor New Description=
Change Component Description : Designator=D7 Old Description=Typical INFRARED GaAs LED New Description=发光二极管
Change Component Library : Designator=R11 Old Library=Miscellaneous Devices.IntLib New Library=Free Documents.IntLib
Change Component Library : Designator=R14 Old Library=Miscellaneous Devices.IntLib New Library=Free Documents.IntLib
Change Component Library : Designator=D7 Old Library=Miscellaneous Devices.IntLib New Library=Fszhang.IntLib
Added Component: Designator=D5(DIODE-1206)
Added Component: Designator=D9(LED_0805)
Added Component: Designator=R12(8-RL-0603)
Added Component: Designator=R16(8-RL-0603)
Added Pin To Net: NetName=3V3 Pin=D4-1
Added Pin To Net: NetName=RST Pin=D4-1
Added Pin To Net: NetName=3V3 Pin=D7-1
Added Pin To Net: NetName=LED2 Pin=D7-2
Added Pin To Net: NetName=RX1 Pin=R11-1
Added Pin To Net: NetName=NetD4_2 Pin=R11-2
Added Pin To Net: NetName=NetD3_1 Pin=R11-1
Added Pin To Net: NetName=5V Pin=R11-2
Added Pin To Net: NetName=TX1 Pin=R14-1
Added Pin To Net: NetName=NetQ1_1 Pin=R14-1
Added Pin To Net: NetName=NetCH1_13 Pin=R14-2
Change Net Name : Old Net Name=NetD5_1 New Net Name=NetD6_1
Change Net Name : Old Net Name=NetD6_1 New Net Name=NetD8_1
Added Pin To Net: NetName=NetD5_2 Pin=D4-2
Added Pin To Net: NetName=NetD5_2 Pin=Q1-3
Added Pin To Net: NetName=NetD5_2 Pin=R13-2
Added Net: Name=NetD5_2
Added Pin To Net: NetName=NetD7_2 Pin=D7-2
Added Pin To Net: NetName=NetD7_2 Pin=R14-2
Added Net: Name=NetD7_2
Added Pin To Net: NetName=NetD9_1 Pin=D7-1
Added Pin To Net: NetName=NetD9_1 Pin=R21-1
Added Net: Name=NetD9_1
Added Member To Class: ClassName=采集卡 Member=Component D8 LED0
Added Member To Class: ClassName=采集卡 Member=Component D9 LED0
Added Member To Class: ClassName=采集卡 Member=Component R21 Res2
Added Member To Class: ClassName=采集卡 Member=Component R22 Res2
Change Room Name: Old Name=SDCARD New Name=采集卡
Change Room Scope: Old Scope=InComponentClass('Components Class 6') New Scope=InComponentClass('采集卡')
