Removed Pin From Net: NetName=GND Pin=D3-2
Removed Pin From Net: NetName=3V3 Pin=D4-1
Removed Pin From Net: NetName=GND Pin=D6-2
Removed Pin From Net: NetName=3V3 Pin=D7-1
Removed Pin From Net: NetName=LED1 Pin=U1-81
Removed Pin From Net: NetName=LED2 Pin=U1-82
Change Component Footprint: Designator=D3 Old Footprint=LED_0805 New Footprint=DIODE-1206
Change Component Footprint: Designator=D6 Old Footprint=LED_0805 New Footprint=DIODE-1206
Change Component Footprint: Designator=D7 Old Footprint=LED_0805 New Footprint=DIODE-1206
Change Component Footprint: Designator=D8 Old Footprint=LED_0805 New Footprint=DIODE-1206
Change Component Footprint: Designator=D9 Old Footprint=LED_0805 New Footprint=DIODE-1206
Change Component Designator: OldDesignator=S2 NewDesignator=S1
Added Component: Designator=D4(DIODE-1206)
Added Pin To Net: NetName=3V3 Pin=D3-1
Added Pin To Net: NetName=GND Pin=D3-2
Added Pin To Net: NetName=3V3 Pin=D6-1
Added Pin To Net: NetName=GND Pin=D7-2
Added Pin To Net: NetName=LED1 Pin=U1-63
Added Pin To Net: NetName=LED2 Pin=U1-64
Added Pin To Net: NetName=NetD3_2 Pin=D3-2
Added Pin To Net: NetName=NetD3_2 Pin=R11-2
Added Net: Name=NetD3_2
Added Pin To Net: NetName=NetD4_1 Pin=D3-1
Added Pin To Net: NetName=NetD4_1 Pin=R12-1
Added Net: Name=NetD4_1
Added Pin To Net: NetName=NetD6_2 Pin=D6-2
Added Pin To Net: NetName=NetD6_2 Pin=R14-2
Added Net: Name=NetD6_2
Added Pin To Net: NetName=NetD7_1 Pin=D7-1
Added Pin To Net: NetName=NetD7_1 Pin=R15-1
Added Net: Name=NetD7_1
