Removed Pin From Net: NetName=3V3 Pin=D6-1
Removed Pin From Net: NetName=GND Pin=D7-2
Removed Pin From Net: NetName=NetD8_1 Pin=D8-1
Removed Pin From Net: NetName=LED1 Pin=D8-2
Removed Pin From Net: NetName=LED2 Pin=D9-2
Removed Pin From Net: NetName=NetD7_1 Pin=R15-1
Removed Pin From Net: NetName=NetD8_1 Pin=R20-1
Removed Pin From Net: NetName=NetD9_1 Pin=R21-1
Change Component Designator: OldDesignator=D5 NewDesignator=D4
Change Component Designator: OldDesignator=R12 NewDesignator=R21
Change Component Designator: OldDesignator=R13 NewDesignator=R12
Change Component Designator: OldDesignator=R14 NewDesignator=R13
Change Component Designator: OldDesignator=R15 NewDesignator=R22
Change Component Designator: OldDesignator=R16 NewDesignator=R14
Change Component Designator: OldDesignator=R17 NewDesignator=R15
Change Component Designator: OldDesignator=R18 NewDesignator=R16
Change Component Designator: OldDesignator=R19 NewDesignator=R17
Change Component Designator: OldDesignator=R20 NewDesignator=R18
Change Component Designator: OldDesignator=R21 NewDesignator=R19
Change Component Designator: OldDesignator=R22 NewDesignator=R20
Added Component: Designator=D5(DIODE-1206)
Added Component: Designator=D8(DIODE-1206)
Added Pin To Net: NetName=3V3 Pin=D3-1
Added Pin To Net: NetName=3V3 Pin=D5-1
Added Pin To Net: NetName=LED1 Pin=D6-2
Added Pin To Net: NetName=LED2 Pin=D7-2
Added Pin To Net: NetName=NetD8_1 Pin=D3-1
Added Pin To Net: NetName=GND Pin=D3-2
Added Pin To Net: NetName=GND Pin=D9-2
Added Pin To Net: NetName=NetD7_1 Pin=R19-1
Added Pin To Net: NetName=NetD8_1 Pin=R21-1
Added Pin To Net: NetName=NetD9_1 Pin=R22-1
Change Net Name : Old Net Name=NetD5_2 New Net Name=NetD4_2
Added Pin To Net: NetName=NetD5_2 Pin=D5-2
Added Pin To Net: NetName=NetD5_2 Pin=R13-2
Added Net: Name=NetD5_2
Added Pin To Net: NetName=NetD6_1 Pin=D6-1
Added Pin To Net: NetName=NetD6_1 Pin=R18-1
Added Net: Name=NetD6_1
Added Member To Class: ClassName=采集卡 Member=Component D5 LED0
Added Member To Class: ClassName=采集卡 Member=Component S1 复位
Added Room: Name=采集卡
