Removed Pin From Net: NetName=IO4 Pin=J4-1
Removed Pin From Net: NetName=C_ADC3 Pin=J4-2
Removed Pin From Net: NetName=C_ADC2 Pin=J4-3
Removed Pin From Net: NetName=C_ADC1 Pin=J4-4
Removed Pin From Net: NetName=ADC3 Pin=J4-5
Removed Pin From Net: NetName=ADC2 Pin=J4-6
Removed Pin From Net: NetName=ADC1 Pin=J4-7
Removed Pin From Net: NetName=悬架行程―右前 Pin=J4-8
Removed Pin From Net: NetName=悬架行程―右后 Pin=J4-9
Removed Pin From Net: NetName=悬架行程―左后 Pin=J4-10
Removed Pin From Net: NetName=悬架行程―左前 Pin=J4-11
Removed Pin From Net: NetName=CANL Pin=J4-12
Removed Pin From Net: NetName=CANH Pin=J4-13
Removed Pin From Net: NetName=IO3 Pin=J4-14
Removed Pin From Net: NetName=IO2 Pin=J4-15
Removed Pin From Net: NetName=IO1 Pin=J4-16
Removed Pin From Net: NetName=IO0 Pin=J4-17
Removed Pin From Net: NetName=CAPTURE3 Pin=J4-18
Removed Pin From Net: NetName=CAPTURE2 Pin=J4-19
Removed Pin From Net: NetName=CAPTURE1 Pin=J4-20
Removed Pin From Net: NetName=CAPTURE0 Pin=J4-21
Removed Pin From Net: NetName=PWM3 Pin=J4-22
Removed Pin From Net: NetName=PWM2 Pin=J4-23
Removed Pin From Net: NetName=PWM1 Pin=J4-24
Removed Pin From Net: NetName=PWM0 Pin=J4-25
Removed Pin From Net: NetName=GND Pin=J4-26
Removed Pin From Net: NetName=GND Pin=J4-27
Removed Member From Class: ClassName=采集卡 Member=J4
Change Component Comment : Designator=J5 Old Comment=电源 New Comment=Power
Added Component: Designator=Signal(DSUB1.385-2H25A)
Added Pin To Net: NetName=IO4 Pin=Signal-1
Added Pin To Net: NetName=C_ADC3 Pin=Signal-2
Added Pin To Net: NetName=C_ADC2 Pin=Signal-3
Added Pin To Net: NetName=C_ADC1 Pin=Signal-4
Added Pin To Net: NetName=ADC3 Pin=Signal-5
Added Pin To Net: NetName=ADC2 Pin=Signal-6
Added Pin To Net: NetName=ADC1 Pin=Signal-7
Added Pin To Net: NetName=悬架行程―右前 Pin=Signal-8
Added Pin To Net: NetName=悬架行程―右后 Pin=Signal-9
Added Pin To Net: NetName=悬架行程―左后 Pin=Signal-10
Added Pin To Net: NetName=悬架行程―左前 Pin=Signal-11
Added Pin To Net: NetName=CANL Pin=Signal-12
Added Pin To Net: NetName=CANH Pin=Signal-13
Added Pin To Net: NetName=IO3 Pin=Signal-14
Added Pin To Net: NetName=IO2 Pin=Signal-15
Added Pin To Net: NetName=IO1 Pin=Signal-16
Added Pin To Net: NetName=IO0 Pin=Signal-17
Added Pin To Net: NetName=CAPTURE3 Pin=Signal-18
Added Pin To Net: NetName=CAPTURE2 Pin=Signal-19
Added Pin To Net: NetName=CAPTURE1 Pin=Signal-20
Added Pin To Net: NetName=CAPTURE0 Pin=Signal-21
Added Pin To Net: NetName=PWM3 Pin=Signal-22
Added Pin To Net: NetName=PWM2 Pin=Signal-23
Added Pin To Net: NetName=PWM1 Pin=Signal-24
Added Pin To Net: NetName=PWM0 Pin=Signal-25
Added Pin To Net: NetName=GND Pin=Signal-26
Added Pin To Net: NetName=GND Pin=Signal-27
Added Member To Class: ClassName=采集卡 Member=Component Signal 信号
