Removed Pin From Net: NetName=C_ADC1 Pin=R25-1
Removed Pin From Net: NetName=ADC4 Pin=R25-2
Change Component DesignItemId : Designator=R25 Old DesignItemId=Res1 New DesignItemId=RES
Change Component Comment : Designator=R25 Old Comment=Res1 New Comment=10
Change Component Designator: OldDesignator=C22 NewDesignator=C23
Change Component Designator: OldDesignator=C23 NewDesignator=C22
Change Component Designator: OldDesignator=D4 NewDesignator=D5
Change Component Designator: OldDesignator=D5 NewDesignator=D6
Change Component Designator: OldDesignator=D6 NewDesignator=D8
Change Component Designator: OldDesignator=D7 NewDesignator=D9
Change Component Designator: OldDesignator=D8 NewDesignator=D4
Change Component Designator: OldDesignator=D9 NewDesignator=D7
Change Component Designator: OldDesignator=R12 NewDesignator=R13
Change Component Designator: OldDesignator=R13 NewDesignator=R14
Change Component Designator: OldDesignator=R14 NewDesignator=R16
Change Component Designator: OldDesignator=R15 NewDesignator=R17
Change Component Designator: OldDesignator=R16 NewDesignator=R18
Change Component Designator: OldDesignator=R17 NewDesignator=R19
Change Component Designator: OldDesignator=R18 NewDesignator=R20
Change Component Designator: OldDesignator=R19 NewDesignator=R21
Change Component Designator: OldDesignator=R20 NewDesignator=R22
Change Component Designator: OldDesignator=R21 NewDesignator=R12
Change Component Designator: OldDesignator=R22 NewDesignator=R15
Change Component Description : Designator=R25 Old Description=贴片电阻 New Description=
Change Component Library : Designator=R25 Old Library=fszhang.SchLib New Library=Free Documents.IntLib
Added Component: Designator=*3(IPX2.6)
Added Component: Designator=*4(NEO-6M)
Added Component: Designator=D10(0805-2)
Added Component: Designator=D11(LED_0805)
Added Component: Designator=L2(0603电感)
Added Component: Designator=R26(8-RL-0603)
Added Component: Designator=R27(8-RL-0603)
Added Component: Designator=R28(8-RL-0603)
Added Component: Designator=R29(8-RL-0603)
Added Component: Designator=U3(SOIC8_N)
Added Pin To Net: NetName=GND Pin=*3-2
Added Pin To Net: NetName=GND Pin=*3-3
Added Pin To Net: NetName=PCCGPS Pin=*4-3
Added Pin To Net: NetName=3V3 Pin=*4-7
Added Pin To Net: NetName=GND Pin=*4-10
Added Pin To Net: NetName=GND Pin=*4-12
Added Pin To Net: NetName=GND Pin=*4-13
Added Pin To Net: NetName=3V3 Pin=*4-23
Added Pin To Net: NetName=3V3 Pin=D10-1
Added Pin To Net: NetName=3V3 Pin=D11-1
Added Pin To Net: NetName=C_ADC1 Pin=R25-1
Added Pin To Net: NetName=ADC4 Pin=R25-2
Added Pin To Net: NetName=RX3GPS Pin=R27-2
Added Pin To Net: NetName=TX3GPS Pin=R28-2
Added Pin To Net: NetName=PCCGPS Pin=R29-2
Added Pin To Net: NetName=GND Pin=U3-1
Added Pin To Net: NetName=GND Pin=U3-2
Added Pin To Net: NetName=GND Pin=U3-3
Added Pin To Net: NetName=GND Pin=U3-4
Added Pin To Net: NetName=3V3 Pin=U3-8
Change Net Name : Old Net Name=NetD4_2 New Net Name=NetD5_2
Change Net Name : Old Net Name=NetD5_2 New Net Name=NetD6_2
Change Net Name : Old Net Name=NetD6_1 New Net Name=NetD8_1
Change Net Name : Old Net Name=NetD7_1 New Net Name=NetD9_1
Change Net Name : Old Net Name=NetD8_1 New Net Name=NetD4_1
Change Net Name : Old Net Name=NetD9_1 New Net Name=NetD7_1
Added Pin To Net: NetName=GPS_SCL Pin=*4-19
Added Pin To Net: NetName=GPS_SCL Pin=U3-6
Added Net: Name=GPS_SCL
Added Pin To Net: NetName=GPS_SDA Pin=*4-18
Added Pin To Net: NetName=GPS_SDA Pin=U3-5
Added Net: Name=GPS_SDA
Added Pin To Net: NetName=Net*3_1 Pin=*3-1
Added Pin To Net: NetName=Net*3_1 Pin=*4-11
Added Pin To Net: NetName=Net*3_1 Pin=L2-2
Added Net: Name=Net*3_1
Added Pin To Net: NetName=Net*4_9 Pin=*4-9
Added Pin To Net: NetName=Net*4_9 Pin=R25-2
Added Net: Name=Net*4_9
Added Pin To Net: NetName=Net*4_20 Pin=*4-20
Added Pin To Net: NetName=Net*4_20 Pin=R27-1
Added Net: Name=Net*4_20
Added Pin To Net: NetName=Net*4_21 Pin=*4-21
Added Pin To Net: NetName=Net*4_21 Pin=R28-1
Added Net: Name=Net*4_21
Added Pin To Net: NetName=NetD11_2 Pin=D11-2
Added Pin To Net: NetName=NetD11_2 Pin=R29-1
Added Net: Name=NetD11_2
Added Pin To Net: NetName=NetL2_1 Pin=L2-1
Added Pin To Net: NetName=NetL2_1 Pin=R25-1
Added Net: Name=NetL2_1
Added Pin To Net: NetName=V_BAT Pin=*2-8
Added Pin To Net: NetName=V_BAT Pin=*4-22
Added Pin To Net: NetName=V_BAT Pin=BT1-1
Added Pin To Net: NetName=V_BAT Pin=D10-2
Added Net: Name=V_BAT
Added Member To Class: ClassName=采集卡 Member=Component *3 IPX接头
Added Member To Class: ClassName=采集卡 Member=Component *4 NEO-6M
Added Member To Class: ClassName=采集卡 Member=Component D10 1n4148
Added Member To Class: ClassName=采集卡 Member=Component D11 LED0
Added Member To Class: ClassName=采集卡 Member=Component L2 Inductor
Added Member To Class: ClassName=采集卡 Member=Component R26 Res1
Added Member To Class: ClassName=采集卡 Member=Component R27 51R
Added Member To Class: ClassName=采集卡 Member=Component R28 51R
Added Member To Class: ClassName=采集卡 Member=Component R29 1K
Added Member To Class: ClassName=采集卡 Member=Component U3 AT24C02
