Removed Pin From Net: NetName=PWM0 Pin=J5-1
Removed Pin From Net: NetName=PWM1 Pin=J5-2
Removed Pin From Net: NetName=PWM2 Pin=J5-3
Removed Pin From Net: NetName=PWM3 Pin=J5-4
Removed Pin From Net: NetName=ADC6 Pin=J5-5
Removed Pin From Net: NetName=CAPTURE0 Pin=J5-6
Removed Pin From Net: NetName=CAPTURE1 Pin=J5-7
Removed Pin From Net: NetName=CAPTURE2 Pin=J5-8
Removed Pin From Net: NetName=CAPTURE3 Pin=J5-9
Removed Pin From Net: NetName=ADC1 Pin=J5-11
Removed Pin From Net: NetName=ADC2 Pin=J5-12
Removed Pin From Net: NetName=ADC3 Pin=J5-13
Removed Pin From Net: NetName=ADC4 Pin=J5-14
Removed Pin From Net: NetName=ADC5 Pin=J5-15
Change Component DesignItemId : Designator=J5 Old DesignItemId=Connector 15 New DesignItemId=D Connector 15
Change Component Footprint: Designator=J5 Old Footprint=050DSUB0.762-4H15 New Footprint=DSUB1.385-2H15
Change Component Comment : Designator=J5 Old Comment=Connector 15 New Comment=D Connector 15
Added Pin To Net: NetName=CAPTURE0 Pin=J5-1
Added Pin To Net: NetName=CAPTURE1 Pin=J5-2
Added Pin To Net: NetName=CAPTURE2 Pin=J5-3
Added Pin To Net: NetName=CAPTURE3 Pin=J5-4
Added Pin To Net: NetName=PWM0 Pin=J5-5
Added Pin To Net: NetName=PWM1 Pin=J5-6
Added Pin To Net: NetName=PWM2 Pin=J5-7
Added Pin To Net: NetName=PWM3 Pin=J5-8
Added Pin To Net: NetName=ADC1 Pin=J5-9
Added Pin To Net: NetName=ADC2 Pin=J5-10
Added Pin To Net: NetName=ADC3 Pin=J5-11
Added Pin To Net: NetName=ADC4 Pin=J5-12
Added Pin To Net: NetName=ADC5 Pin=J5-13
Added Pin To Net: NetName=ADC6 Pin=J5-14
