Added Component: Designator=D3(DIODE-1206)
Added Component: Designator=D5(DIODE-1206)
Added Component: Designator=D6(DIODE-1206)
Added Component: Designator=D7(DIODE-1206)
Added Component: Designator=D8(DIODE-1206)
Added Component: Designator=D9(DIODE-1206)
Added Pin To Net: NetName=3V3 Pin=D3-1
Added Pin To Net: NetName=NetD3_2 Pin=D3-2
Added Pin To Net: NetName=3V3 Pin=D5-1
Added Pin To Net: NetName=NetD5_2 Pin=D5-2
Added Pin To Net: NetName=NetD6_1 Pin=D6-1
Added Pin To Net: NetName=LED1 Pin=D6-2
Added Pin To Net: NetName=NetD7_1 Pin=D7-1
Added Pin To Net: NetName=LED2 Pin=D7-2
Added Pin To Net: NetName=NetD8_1 Pin=D8-1
Added Pin To Net: NetName=GND Pin=D8-2
Added Pin To Net: NetName=NetD9_1 Pin=D9-1
Added Pin To Net: NetName=GND Pin=D9-2
Added Member To Class: ClassName=采集卡 Member=Component D3 LED0
Added Member To Class: ClassName=采集卡 Member=Component D5 LED0
Added Member To Class: ClassName=采集卡 Member=Component D6 LED0
Added Member To Class: ClassName=采集卡 Member=Component D7 LED0
Added Member To Class: ClassName=采集卡 Member=Component D8 LED0
Added Member To Class: ClassName=采集卡 Member=Component D9 LED0
Added Room: Name=采集卡
