Removed Pin From Net: NetName=SCL Pin=R9-2
Removed Pin From Net: NetName=SDA Pin=R10-2
Removed Pin From Net: NetName=CTR_A Pin=STM1-15
Removed Pin From Net: NetName=CTR_B Pin=STM1-16
Removed Pin From Net: NetName=CTR_C Pin=STM1-17
Removed Pin From Net: NetName=CTR_D Pin=STM1-18
Removed Pin From Net: NetName=INH Pin=STM1-33
Removed Pin From Net: NetName=SCL Pin=STM1-35
Removed Pin From Net: NetName=SDA Pin=STM1-36
Removed Pin From Net: NetName=INT Pin=STM1-77
Added Pin To Net: NetName=SDA Pin=R9-2
Added Pin To Net: NetName=SCL Pin=R10-2
Added Pin To Net: NetName=NC Pin=STM1-7
Added Pin To Net: NetName=NC Pin=STM1-8
Added Pin To Net: NetName=NC Pin=STM1-9
Added Pin To Net: NetName=INH Pin=STM1-32
Added Pin To Net: NetName=CTR_C Pin=STM1-33
Added Pin To Net: NetName=CTR_D Pin=STM1-34
Added Pin To Net: NetName=CTR_A Pin=STM1-35
Added Pin To Net: NetName=CTR_B Pin=STM1-36
Added Pin To Net: NetName=SCL Pin=STM1-43
Added Pin To Net: NetName=SDA Pin=STM1-44
Added Pin To Net: NetName=INT Pin=STM1-45
Added Pin To Net: NetName=NC Pin=STM1-77
Added Pin To Net: NetName=NC Pin=STM1-89
Added Pin To Net: NetName=NC Pin=STM1-90
