Removed Pin From Net: NetName=ADC_IN1 Pin=*4-1
Removed Pin From Net: NetName=ADC_IN3 Pin=*4-2
Removed Pin From Net: NetName=COM_A Pin=*4-3
Removed Pin From Net: NetName=ADC_IN4 Pin=*4-4
Removed Pin From Net: NetName=ADC_IN2 Pin=*4-5
Removed Pin From Net: NetName=SGND Pin=*4-7
Removed Pin From Net: NetName=SGND Pin=*4-8
Removed Pin From Net: NetName=CTR_C Pin=*4-9
Removed Pin From Net: NetName=CTR_B Pin=*4-10
Removed Pin From Net: NetName=CTR_A Pin=*4-11
Removed Pin From Net: NetName=右前 Pin=*4-12
Removed Pin From Net: NetName=左前 Pin=*4-13
Removed Pin From Net: NetName=左后 Pin=*4-14
Removed Pin From Net: NetName=右后 Pin=*4-15
Removed Pin From Net: NetName=+5V Pin=*4-16
Removed Pin From Net: NetName=IO1 Pin=*5-1
Removed Pin From Net: NetName=IO3 Pin=*5-2
Removed Pin From Net: NetName=COM_B Pin=*5-3
Removed Pin From Net: NetName=IO2 Pin=*5-5
Removed Pin From Net: NetName=SGND Pin=*5-7
Removed Pin From Net: NetName=SGND Pin=*5-8
Removed Pin From Net: NetName=CTR_C Pin=*5-9
Removed Pin From Net: NetName=CTR_B Pin=*5-10
Removed Pin From Net: NetName=CTR_A Pin=*5-11
Removed Pin From Net: NetName=IO0 Pin=*5-12
Removed Pin From Net: NetName=C_ADC_IN1 Pin=*5-13
Removed Pin From Net: NetName=C_ADC_IN2 Pin=*5-14
Removed Pin From Net: NetName=C_ADC_IN3 Pin=*5-15
Removed Pin From Net: NetName=+5V Pin=*5-16
Removed Pin From Net: NetName=ADC_B Pin=STM1-29
Removed Member From Class: ClassName=采集卡 Member=*4
Removed Member From Class: ClassName=采集卡 Member=*5
Added Component: Designator=*(SOP24)
Added Pin To Net: NetName=COM_A Pin=*-1
Added Pin To Net: NetName=ADC_IN4 Pin=*-2
Added Pin To Net: NetName=ADC_IN3 Pin=*-3
Added Pin To Net: NetName=ADC_IN2 Pin=*-4
Added Pin To Net: NetName=ADC_IN1 Pin=*-5
Added Pin To Net: NetName=右前 Pin=*-6
Added Pin To Net: NetName=右后 Pin=*-7
Added Pin To Net: NetName=左后 Pin=*-8
Added Pin To Net: NetName=左前 Pin=*-9
Added Pin To Net: NetName=CTR_A Pin=*-10
Added Pin To Net: NetName=CTR_B Pin=*-11
Added Pin To Net: NetName=SGND Pin=*-12
Added Pin To Net: NetName=CTR_C Pin=*-14
Added Pin To Net: NetName=C_ADC_IN3 Pin=*-21
Added Pin To Net: NetName=C_ADC_IN2 Pin=*-22
Added Pin To Net: NetName=C_ADC_IN1 Pin=*-23
Added Pin To Net: NetName=+5V Pin=*-24
Added Pin To Net: NetName=CTR_A Pin=STM1-30
Added Pin To Net: NetName=CTR_B Pin=STM1-31
Added Pin To Net: NetName=CTR_C Pin=STM1-32
Added Pin To Net: NetName=CTR_D Pin=*-13
Added Pin To Net: NetName=CTR_D Pin=STM1-67
Added Net: Name=CTR_D
Added Pin To Net: NetName=INH Pin=*-15
Added Pin To Net: NetName=INH Pin=STM1-29
Added Net: Name=INH
Added Member To Class: ClassName=采集卡 Member=Component * CD4067
