Change Component Designator: Old Designator=*1 New Designator=*2
Change Component Designator: Old Designator=*2 New Designator=*3
Change Component Designator: Old Designator=* New Designator=*1
Change Component Designator: Old Designator=* New Designator=*4
Change Component Designator: Old Designator=* New Designator=*5
Change Component Designator: Old Designator=* New Designator=*6
Change Component Designator: Old Designator=* New Designator=*7
Change Component Designator: Old Designator=C? New Designator=C23
Change Component Designator: Old Designator=C? New Designator=C24
Change Component Designator: Old Designator=C? New Designator=C25
Change Component Designator: Old Designator=C? New Designator=C26
Change Component Designator: Old Designator=CTM8251 New Designator=CTM1
Change Component Designator: Old Designator=R1 New Designator=R6
Change Component Designator: Old Designator=R2 New Designator=R1
Change Component Designator: Old Designator=R3 New Designator=R2
Change Component Designator: Old Designator=R4 New Designator=R3
Change Component Designator: Old Designator=R5 New Designator=R4
Change Component Designator: Old Designator=R6 New Designator=R5
Change Component Designator: Old Designator=R22 New Designator=R24
Change Component Designator: Old Designator=R24 New Designator=R22
Change Component Designator: Old Designator=R27 New Designator=R29
Change Component Designator: Old Designator=R28 New Designator=R30
Change Component Designator: Old Designator=R29 New Designator=R35
Change Component Designator: Old Designator=R30 New Designator=R36
Change Component Designator: Old Designator=R31 New Designator=R39
Change Component Designator: Old Designator=R32 New Designator=R40
Change Component Designator: Old Designator=R33 New Designator=R43
Change Component Designator: Old Designator=R34 New Designator=R46
Change Component Designator: Old Designator=R35 New Designator=R47
Change Component Designator: Old Designator=R36 New Designator=R48
Change Component Designator: Old Designator=R37 New Designator=R49
Change Component Designator: Old Designator=R38 New Designator=R50
Change Component Designator: Old Designator=R39 New Designator=R51
Change Component Designator: Old Designator=R40 New Designator=R54
Change Component Designator: Old Designator=R41 New Designator=R59
Change Component Designator: Old Designator=R42 New Designator=R60
Change Component Designator: Old Designator=R43 New Designator=R61
Change Component Designator: Old Designator=R44 New Designator=R62
Change Component Designator: Old Designator=R? New Designator=R27
Change Component Designator: Old Designator=R? New Designator=R28
Change Component Designator: Old Designator=R? New Designator=R31
Change Component Designator: Old Designator=R? New Designator=R32
Change Component Designator: Old Designator=R? New Designator=R33
Change Component Designator: Old Designator=R? New Designator=R34
Change Component Designator: Old Designator=R? New Designator=R37
Change Component Designator: Old Designator=R? New Designator=R38
Change Component Designator: Old Designator=R? New Designator=R41
Change Component Designator: Old Designator=R? New Designator=R42
Change Component Designator: Old Designator=R? New Designator=R44
Change Component Designator: Old Designator=R? New Designator=R45
Change Component Designator: Old Designator=R? New Designator=R52
Change Component Designator: Old Designator=R? New Designator=R53
Change Component Designator: Old Designator=R? New Designator=R55
Change Component Designator: Old Designator=R? New Designator=R56
Change Component Designator: Old Designator=R? New Designator=R57
Change Component Designator: Old Designator=R? New Designator=R58
Change Component Designator: Old Designator=R? New Designator=R63
Change Component Designator: Old Designator=R? New Designator=R64
Change Component Designator: Old Designator=R? New Designator=R65
Change Component Designator: Old Designator=R? New Designator=R66
Change Component Designator: Old Designator=R? New Designator=R67
Change Component Designator: Old Designator=R? New Designator=R68
Change Component Designator: Old Designator=R? New Designator=R69
Change Component Designator: Old Designator=R? New Designator=R70
Change Component Designator: Old Designator=R? New Designator=R71
Change Component Designator: Old Designator=R? New Designator=R72
Change Component Designator: Old Designator=R? New Designator=R73
Change Component Designator: Old Designator=R? New Designator=R74
Change Component Designator: Old Designator=R? New Designator=R75
