Removed Pin From Net: NetName=5V_OUT Pin=C7-1
Removed Pin From Net: NetName=5V Pin=Fuse1-2
Removed Pin From Net: NetName=3V3 Pin=Fuse2-2
Removed Pin From Net: NetName=5V_OUT Pin=STLINK1-1
Removed Pin From Net: NetName=5V_OUT Pin=UART1-1
Added Component: Designator=*(SOIC8_N)
Added Component: Designator=C?(0603-1)
Added Component: Designator=C?(0603-1)
Added Component: Designator=C?(0603-1)
Added Component: Designator=C?(0603-1)
Added Component: Designator=J?(CHECK-A)
Added Component: Designator=J?(CHECK-A)
Added Component: Designator=J?(CHECK-A)
Added Component: Designator=J?(CHECK-A)
Added Component: Designator=R?(2512)
Added Component: Designator=R?(2512)
Added Component: Designator=R?(0603-1)
Added Pin To Net: NetName=3V3 Pin=*4-19
Added Pin To Net: NetName=5V Pin=*4-20
Added Pin To Net: NetName=5V Pin=*-2
Added Pin To Net: NetName=-5V Pin=*-4
Added Pin To Net: NetName=SGND Pin=*-5
Added Pin To Net: NetName=+5V Pin=*-7
Added Pin To Net: NetName=5V Pin=C7-1
Added Pin To Net: NetName=SGND Pin=C?-1
Added Pin To Net: NetName=SGND Pin=C?-1
Added Pin To Net: NetName=SGND Pin=C?-1
Added Pin To Net: NetName=SGND Pin=C?-1
Added Pin To Net: NetName=+5V Pin=C?-2
Added Pin To Net: NetName=+5V Pin=C?-2
Added Pin To Net: NetName=-5V Pin=C?-2
Added Pin To Net: NetName=-5V Pin=C?-2
Added Pin To Net: NetName=3V3 Pin=J?-1
Added Pin To Net: NetName=5V Pin=J?-1
Added Pin To Net: NetName=3V3 Pin=R?-2
Added Pin To Net: NetName=5V Pin=R?-2
Added Pin To Net: NetName=5V Pin=STLINK1-1
Added Pin To Net: NetName=5V Pin=UART1-1
Change Net Name : Old Net Name=5V New Net Name=-IN
Added Pin To Net: NetName=+IN Pin=*-3
Added Pin To Net: NetName=+IN Pin=Fuse1-2
Added Pin To Net: NetName=+IN Pin=J?-1
Added Pin To Net: NetName=+IN Pin=R?-1
Added Net: Name=+IN
Added Pin To Net: NetName=Net*_1 Pin=*-1
Added Pin To Net: NetName=Net*_1 Pin=R?-1
Added Net: Name=Net*_1
Added Pin To Net: NetName=Net*_8 Pin=*-8
Added Pin To Net: NetName=Net*_8 Pin=R?-2
Added Net: Name=Net*_8
Added Pin To Net: NetName=NetFuse2_2 Pin=Fuse2-2
Added Pin To Net: NetName=NetFuse2_2 Pin=J?-1
Added Pin To Net: NetName=NetFuse2_2 Pin=R?-1
Added Net: Name=NetFuse2_2
Added Member To Class: ClassName=采集卡 Member=Component *4 CD4067
Added Member To Class: ClassName=采集卡 Member=Component * AD623
Added Member To Class: ClassName=采集卡 Member=Component C? Cap
Added Member To Class: ClassName=采集卡 Member=Component J? CHECK
Added Member To Class: ClassName=采集卡 Member=Component R? Res1
