Change Component Designator: OldDesignator=*3 NewDesignator=*2
Change Component Designator: OldDesignator= NewDesignator=1
Change Component Designator: OldDesignator= NewDesignator=4
Change Component Designator: OldDesignator= NewDesignator=8
Change Component Designator: OldDesignator= NewDesignator=*4
Change Component Designator: OldDesignator= NewDesignator=*5
Change Component Designator: OldDesignator= NewDesignator=*6
Change Component Designator: OldDesignator= NewDesignator=J3
Change Component Designator: OldDesignator= NewDesignator=J4
Change Component Designator: OldDesignator= NewDesignator=J5
Change Component Designator: OldDesignator= NewDesignator=J6
Change Component Designator: OldDesignator=2 NewDesignator=3
Change Component Designator: OldDesignator=4 NewDesignator=5
Change Component Designator: OldDesignator=5 NewDesignator=6
Change Component Designator: OldDesignator=6 NewDesignator=7
Change Component Designator: OldDesignator=12M NewDesignator=9
Change Component Designator: OldDesignator=A0505S NewDesignator=*3
Change Component Designator: OldDesignator=C2 NewDesignator=C3
Change Component Designator: OldDesignator=C3 NewDesignator=C4
Change Component Designator: OldDesignator=C4 NewDesignator=C5
Change Component Designator: OldDesignator=C5 NewDesignator=C2
Change Component Designator: OldDesignator=CAP0 NewDesignator=J2
Change Component Designator: OldDesignator=GPS_Ant NewDesignator=Antenna1
Change Component Designator: OldDesignator=nRF NewDesignator=nRF1
Change Component Designator: OldDesignator=OLED NewDesignator=OLED1
Change Component Designator: OldDesignator=P2 NewDesignator=P1
Change Component Designator: OldDesignator=P3 NewDesignator=P2
Change Component Designator: OldDesignator=Power NewDesignator=Power1
Change Component Designator: OldDesignator=PWM0 NewDesignator=J1
Change Component Designator: OldDesignator=PWM3 NewDesignator=J7
Change Component Designator: OldDesignator=SD_Card NewDesignator=SD_Card1
Change Component Designator: OldDesignator=Signal NewDesignator=Signal1
Change Component Designator: OldDesignator=正极 (12V) NewDesignator=2
Change Component Designator: OldDesignator=负极 (GND) NewDesignator=GND1
Added Member To Class: ClassName=采集卡 Member=Component *3 A0505S
Added Member To Class: ClassName=采集卡 Member=Component *4 CD4067
Added Member To Class: ClassName=采集卡 Member=Component *5 AD623
Added Member To Class: ClassName=采集卡 Member=Component *6 AD623
Added Member To Class: ClassName=采集卡 Member=Component 1 LM2596S-5.0
Added Member To Class: ClassName=采集卡 Member=Component 3 0
Added Member To Class: ClassName=采集卡 Member=Component 7 XTAL-4pin
Added Member To Class: ClassName=采集卡 Member=Component 8 MPU6050
Added Member To Class: ClassName=采集卡 Member=Component 9 XTAL-4pin
Added Member To Class: ClassName=采集卡 Member=Component Antenna1 IPX接头
Added Member To Class: ClassName=采集卡 Member=Component GND1 CHECK
Added Member To Class: ClassName=采集卡 Member=Component J1 TLP281
Added Member To Class: ClassName=采集卡 Member=Component J2 TLP281
Added Member To Class: ClassName=采集卡 Member=Component J3 TLP281
Added Member To Class: ClassName=采集卡 Member=Component J4 TLP281
Added Member To Class: ClassName=采集卡 Member=Component J5 TLP281
Added Member To Class: ClassName=采集卡 Member=Component J6 TLP281
Added Member To Class: ClassName=采集卡 Member=Component J7 TLP281
Added Member To Class: ClassName=采集卡 Member=Component nRF1 nRF24l01贴片
Added Member To Class: ClassName=采集卡 Member=Component OLED1 OLED-Freescale
Added Member To Class: ClassName=采集卡 Member=Component Power1 Power
Added Member To Class: ClassName=采集卡 Member=Component SD_Card1 SDCARD
Added Member To Class: ClassName=采集卡 Member=Component Signal1 信号
Added Room: Name=采集卡
