Change Component Designator: Old Designator=0hm New Designator=2
Change Component Designator: Old Designator=3V New Designator=5
Change Component Designator: Old Designator=5V New Designator=4
Change Component Designator: Old Designator=8M New Designator=7
Change Component Designator: Old Designator=12M New Designator=8
Change Component Designator: Old Designator=1117 New Designator=3
Change Component Designator: Old Designator=2596 New Designator=1
Change Component Designator: Old Designator=6050 New Designator=6
Change Component Designator: Old Designator=Antenna New Designator=Antenna1
Change Component Designator: Old Designator=AT24C02 New Designator=AT1
Change Component Designator: Old Designator=Bat New Designator=Bat1
Change Component Designator: Old Designator=CH340 New Designator=CH1
Change Component Designator: Old Designator=D5 New Designator=D3
Change Component Designator: Old Designator=D10 New Designator=D4
Change Component Designator: Old Designator=DS1302 New Designator=DS1
Change Component Designator: Old Designator=Fuse New Designator=Fuse1
Change Component Designator: Old Designator=Fuse New Designator=Fuse2
Change Component Designator: Old Designator=GPS-NEO-6M New Designator=GPS-NEO-1
Change Component Designator: Old Designator=nRF New Designator=nRF1
Change Component Designator: Old Designator=PCC New Designator=PCC1
Change Component Designator: Old Designator=Power New Designator=Power1
Change Component Designator: Old Designator=R9 New Designator=R8
Change Component Designator: Old Designator=R10 New Designator=R9
Change Component Designator: Old Designator=R11 New Designator=R10
Change Component Designator: Old Designator=R12 New Designator=R11
Change Component Designator: Old Designator=R13 New Designator=R12
Change Component Designator: Old Designator=R14 New Designator=R13
Change Component Designator: Old Designator=R15 New Designator=R14
Change Component Designator: Old Designator=R16 New Designator=R15
Change Component Designator: Old Designator=R17 New Designator=R16
Change Component Designator: Old Designator=R18 New Designator=R17
Change Component Designator: Old Designator=R19 New Designator=R18
Change Component Designator: Old Designator=R20 New Designator=R19
Change Component Designator: Old Designator=R21 New Designator=R20
Change Component Designator: Old Designator=R22 New Designator=R21
Change Component Designator: Old Designator=R23 New Designator=R22
Change Component Designator: Old Designator=R24 New Designator=R23
Change Component Designator: Old Designator=R25 New Designator=R24
Change Component Designator: Old Designator=R26 New Designator=R25
Change Component Designator: Old Designator=R27 New Designator=R26
Change Component Designator: Old Designator=R28 New Designator=R27
Change Component Designator: Old Designator=R29 New Designator=R28
Change Component Designator: Old Designator=RST New Designator=RST1
Change Component Designator: Old Designator=RX New Designator=RX1
Change Component Designator: Old Designator=SDCard New Designator=SDCard1
Change Component Designator: Old Designator=Signal New Designator=Signal1
Change Component Designator: Old Designator=STLINK New Designator=STLINK1
Change Component Designator: Old Designator=STM32 New Designator=STM1
Change Component Designator: Old Designator=TJA1050 New Designator=TJA1
Change Component Designator: Old Designator=TX New Designator=TX1
Change Component Designator: Old Designator=UART New Designator=UART1
Change Component Designator: Old Designator=XTAL2 New Designator=XTAL1
