Change Component Designator: OldDesignator=* NewDesignator=*4
Change Component Designator: OldDesignator=* NewDesignator=*5
Change Component Designator: OldDesignator=R26 NewDesignator=R31
Change Component Designator: OldDesignator=R27 NewDesignator=R26
Change Component Designator: OldDesignator=R27 NewDesignator=R29
Change Component Designator: OldDesignator=R28 NewDesignator=R27
Change Component Designator: OldDesignator=R31 NewDesignator=R30
Change Component Designator: OldDesignator=R31 NewDesignator=R32
Change Component Designator: OldDesignator=R37 NewDesignator=R33
Change Component Designator: OldDesignator=R38 NewDesignator=R34
Change Component Designator: OldDesignator=R39 NewDesignator=R35
Change Component Designator: OldDesignator=R40 NewDesignator=R36
Change Component Designator: OldDesignator=R45 NewDesignator=R37
Change Component Designator: OldDesignator=R46 NewDesignator=R38
Change Component Designator: OldDesignator=R47 NewDesignator=R39
Change Component Designator: OldDesignator=R48 NewDesignator=R40
Change Component Designator: OldDesignator=R53 NewDesignator=R45
Change Component Designator: OldDesignator=R56 NewDesignator=R41
Change Component Designator: OldDesignator=R57 NewDesignator=R42
Change Component Designator: OldDesignator=R58 NewDesignator=R43
Change Component Designator: OldDesignator=R59 NewDesignator=R44
Change Component Designator: OldDesignator=R60 NewDesignator=R46
Change Component Designator: OldDesignator=R63 NewDesignator=R47
Change Component Designator: OldDesignator=R68 NewDesignator=R48
Change Component Designator: OldDesignator=R69 NewDesignator=R49
Change Component Designator: OldDesignator=R70 NewDesignator=R50
Change Component Designator: OldDesignator=R71 NewDesignator=R51
Change Net Name : Old Net Name=NetR53_1 New Net Name=NetR45_1
Change Net Name : Old Net Name=NetR60_1 New Net Name=NetR46_1
Change Net Name : Old Net Name=NetR63_1 New Net Name=NetR47_1
Added Member To Class: ClassName=采集卡 Member=Component *4 CD4051
Added Member To Class: ClassName=采集卡 Member=Component R29 0.1%
Added Member To Class: ClassName=采集卡 Member=Component R31 Res1
Added Member To Class: ClassName=采集卡 Member=Component R32 Res1
