Change Component Designator: Old Designator=2 New Designator=3
Change Component Designator: Old Designator=3 New Designator=4
Change Component Designator: Old Designator=4 New Designator=5
Change Component Designator: Old Designator=5 New Designator=6
Change Component Designator: Old Designator=6 New Designator=7
Change Component Designator: Old Designator=7 New Designator=8
Change Component Designator: Old Designator=8 New Designator=9
Change Component Designator: Old Designator=12V New Designator=2
Change Component Designator: Old Designator=C2 New Designator=C3
Change Component Designator: Old Designator=C3 New Designator=C4
Change Component Designator: Old Designator=C4 New Designator=C5
Change Component Designator: Old Designator=C5 New Designator=C2
Change Component Designator: Old Designator=GND New Designator=GND1
Change Component Designator: Old Designator=J1 New Designator=J2
Change Component Designator: Old Designator=J2 New Designator=J3
Change Component Designator: Old Designator=J3 New Designator=J4
Change Component Designator: Old Designator=J4 New Designator=J5
Change Component Designator: Old Designator=J5 New Designator=J6
Change Component Designator: Old Designator=J6 New Designator=J7
Change Component Designator: Old Designator=J7 New Designator=J8
Change Component Designator: Old Designator=J8 New Designator=J9
Change Component Designator: Old Designator=J? New Designator=J1
Change Component Designator: Old Designator=P2 New Designator=P1
Change Component Designator: Old Designator=P3 New Designator=P2
