Added Component: Designator=*1(SOIC8_N)
Added Component: Designator=*2(IA0505S-2W)
Added Component: Designator=*3(SOIC8_N)
Added Component: Designator=*4(SOIC8_N)
Added Component: Designator=*5(SOIC8_N)
Added Component: Designator=*6(SOIC8_N)
Added Component: Designator=*7(SOIC8_N)
Added Component: Designator=1(TO-263-5)
Added Component: Designator=2(0805-3)
Added Component: Designator=3(1117-3.3)
Added Component: Designator=4(DIODE-1206)
Added Component: Designator=5(DIODE-1206)
Added Component: Designator=6(X-SM49)
Added Component: Designator=7(QFN24)
Added Component: Designator=8(X-SM49)
Added Component: Designator=Antenna1(IPX2.6)
Added Component: Designator=AT1(SOIC8_N)
Added Component: Designator=Bat1(CR1220)
Added Component: Designator=C1(C-RAD-0603)
Added Component: Designator=C2(C-RB-S12)
Added Component: Designator=C3(C-RB-S6)
Added Component: Designator=C4(C-RAD-0603)
Added Component: Designator=C5(C-RAD-0603)
Added Component: Designator=C6(CL-0603)
Added Component: Designator=C7(CL-0603)
Added Component: Designator=C8(C-RAD-0603)
Added Component: Designator=C9(C-RAD-0603)
Added Component: Designator=C10(C-RAD-0603)
Added Component: Designator=C11(C-RAD-0603)
Added Component: Designator=C12(C-RAD-0603)
Added Component: Designator=C13(C-RAD-0603)
Added Component: Designator=C14(CL-0603)
Added Component: Designator=C15(CL-0603)
Added Component: Designator=C16(CL-0603)
Added Component: Designator=C17(CL-0603)
Added Component: Designator=C18(C-RAD-0603)
Added Component: Designator=C19(CL-0603)
Added Component: Designator=C20(CL-0603)
Added Component: Designator=C21(CL-0603)
Added Component: Designator=C22(CL-0603)
Added Component: Designator=C23(CL-0603)
Added Component: Designator=C24(CL-0603)
Added Component: Designator=C25(CL-0603)
Added Component: Designator=C26(CL-0603)
Added Component: Designator=C27(CL-0603)
Added Component: Designator=C28(C-RAD-0603)
Added Component: Designator=C29(C-RAD-0603)
Added Component: Designator=C30(C-RAD-0603)
Added Component: Designator=C31(C-RAD-0603)
Added Component: Designator=CH1(sop16)
Added Component: Designator=CTM1(CTM8251)
Added Component: Designator=D1(1206)
Added Component: Designator=D2(1812)
Added Component: Designator=D3(1812)
Added Component: Designator=D4(0805-2)
Added Component: Designator=D5(0805-2)
Added Component: Designator=DS1(SOIC8_N)
Added Component: Designator=Fuse1(1812)
Added Component: Designator=Fuse2(1210)
Added Component: Designator=GPS-NEO-1(NEO-6M)
Added Component: Designator=J1(SOP127P710X350-4N)
Added Component: Designator=J2(SOP127P710X350-4N)
Added Component: Designator=J3(SOP127P710X350-4N)
Added Component: Designator=J4(SOP127P710X350-4N)
Added Component: Designator=J5(SOP127P710X350-4N)
Added Component: Designator=J6(SOP127P710X350-4N)
Added Component: Designator=J7(SOP127P710X350-4N)
Added Component: Designator=J8(SOP127P710X350-4N)
Added Component: Designator=L1(L-SMD-12)
Added Component: Designator=L2(0603电感)
Added Component: Designator=LED1(DIODE-1206)
Added Component: Designator=LED2(DIODE-1206)
Added Component: Designator=nRF1(nRF24l01贴片)
Added Component: Designator=OLED1(OLED-Freescale)
Added Component: Designator=P1(HDR2X1_A)
Added Component: Designator=PCC1(LED_0805)
Added Component: Designator=Power1(DB15-F)
Added Component: Designator=Q1(SOT-23)
Added Component: Designator=Q2(SOT-23)
Added Component: Designator=R1(8-RL-0603)
Added Component: Designator=R2(8-RL-0603)
Added Component: Designator=R3(8-RL-0603)
Added Component: Designator=R4(8-RL-0603)
Added Component: Designator=R5(8-RL-0603)
Added Component: Designator=R6(8-RL-0603)
Added Component: Designator=R7(8-RL-0603)
Added Component: Designator=R8(8-RL-0603)
Added Component: Designator=R9(8-RL-0603)
Added Component: Designator=R10(8-RL-0603)
Added Component: Designator=R11(8-RL-0603)
Added Component: Designator=R12(8-RL-0603)
Added Component: Designator=R13(8-RL-0603)
Added Component: Designator=R14(8-RL-0603)
Added Component: Designator=R15(8-RL-0603)
Added Component: Designator=R16(8-RL-0603)
Added Component: Designator=R17(8-RL-0603)
Added Component: Designator=R18(8-RL-0603)
Added Component: Designator=R19(8-RL-0603)
Added Component: Designator=R20(8-RL-0603)
Added Component: Designator=R21(8-RL-0603)
Added Component: Designator=R22(8-RL-0603)
Added Component: Designator=R23(8-RL-0603)
Added Component: Designator=R24(8-RL-0603)
Added Component: Designator=R25(8-RL-0603)
Added Component: Designator=R26(0603-1)
Added Component: Designator=R27(0603-1)
Added Component: Designator=R28(0603-1)
Added Component: Designator=R29(0603-1)
Added Component: Designator=R30(0603-1)
Added Component: Designator=R31(0603-1)
Added Component: Designator=R32(0603-1)
Added Component: Designator=R33(0603-1)
Added Component: Designator=R34(0603-1)
Added Component: Designator=R35(0603-1)
Added Component: Designator=R36(0603-1)
Added Component: Designator=R37(0603-1)
Added Component: Designator=R38(0603-1)
Added Component: Designator=R39(0603-1)
Added Component: Designator=R40(0603-1)
Added Component: Designator=R41(0603-1)
Added Component: Designator=R42(0603-1)
Added Component: Designator=R43(0603-1)
Added Component: Designator=R44(0603-1)
Added Component: Designator=R45(0603-1)
Added Component: Designator=R46(0603-1)
Added Component: Designator=R47(0603-1)
Added Component: Designator=R48(0603-1)
Added Component: Designator=R49(0603-1)
Added Component: Designator=R50(0603-1)
Added Component: Designator=R51(0603-1)
Added Component: Designator=R52(0603-1)
Added Component: Designator=R53(8-RL-0603)
Added Component: Designator=R54(0603-1)
Added Component: Designator=R55(0603-1)
Added Component: Designator=R56(0603-1)
Added Component: Designator=R57(0603-1)
Added Component: Designator=R58(0603-1)
Added Component: Designator=R59(0603-1)
Added Component: Designator=R60(8-RL-0603)
Added Component: Designator=R61(0603-1)
Added Component: Designator=R62(0603-1)
Added Component: Designator=R63(8-RL-0603)
Added Component: Designator=R64(0603-1)
Added Component: Designator=R65(0603-1)
Added Component: Designator=R66(0603-1)
Added Component: Designator=R67(0603-1)
Added Component: Designator=R68(0603-1)
Added Component: Designator=R69(0603-1)
Added Component: Designator=R70(0603-1)
Added Component: Designator=R71(0603-1)
Added Component: Designator=R72(0603-1)
Added Component: Designator=R73(0603-1)
Added Component: Designator=R74(0603-1)
Added Component: Designator=R75(0603-1)
Added Component: Designator=RST1(6x3mm微动)
Added Component: Designator=RX1(DIODE-1206)
Added Component: Designator=SDCard1(SDCARD_B)
Added Component: Designator=Signal1(DSUB1.385-2H25A)
Added Component: Designator=STLINK1(USB_MICRO)
Added Component: Designator=STM1(LQFP100_M)
Added Component: Designator=TX1(DIODE-1206)
Added Component: Designator=UART1(USB_MICRO)
Added Component: Designator=XTAL1(X-TC15)
Added Pin To Net: NetName=5V Pin=*1-1
Added Pin To Net: NetName=2.5V Pin=*1-2
Added Pin To Net: NetName=GND Pin=*1-3
Added Pin To Net: NetName=5V Pin=*2-1
Added Pin To Net: NetName=GND Pin=*2-2
Added Pin To Net: NetName=+5V Pin=*2-3
Added Pin To Net: NetName=-5V Pin=*2-4
Added Pin To Net: NetName=SGND Pin=*2-5
Added Pin To Net: NetName=Net*3_1 Pin=*3-1
Added Pin To Net: NetName=Net*3_1 Pin=*3-2
Added Pin To Net: NetName=左前 Pin=*3-3
Added Pin To Net: NetName=-5V Pin=*3-4
Added Pin To Net: NetName=左后 Pin=*3-5
Added Pin To Net: NetName=Net*3_6 Pin=*3-6
Added Pin To Net: NetName=Net*3_6 Pin=*3-7
Added Pin To Net: NetName=+5V Pin=*3-8
Added Pin To Net: NetName=Net*4_1 Pin=*4-1
Added Pin To Net: NetName=右后 Pin=*4-3
Added Pin To Net: NetName=-5V Pin=*4-4
Added Pin To Net: NetName=右前 Pin=*4-5
Added Pin To Net: NetName=Net*4_6 Pin=*4-6
Added Pin To Net: NetName=Net*4_6 Pin=*4-7
Added Pin To Net: NetName=+5V Pin=*4-8
Added Pin To Net: NetName=Net*5_1 Pin=*5-1
Added Pin To Net: NetName=Net*5_1 Pin=*5-2
Added Pin To Net: NetName=ADC_IN1 Pin=*5-3
Added Pin To Net: NetName=-5V Pin=*5-4
Added Pin To Net: NetName=ADC_IN2 Pin=*5-5
Added Pin To Net: NetName=Net*5_6 Pin=*5-6
Added Pin To Net: NetName=Net*5_6 Pin=*5-7
Added Pin To Net: NetName=+5V Pin=*5-8
Added Pin To Net: NetName=Net*6_1 Pin=*6-1
Added Pin To Net: NetName=ADC_IN3 Pin=*6-3
Added Pin To Net: NetName=-5V Pin=*6-4
Added Pin To Net: NetName=C_ADC_IN1 Pin=*6-5
Added Pin To Net: NetName=Net*6_6 Pin=*6-6
Added Pin To Net: NetName=Net*6_6 Pin=*6-7
Added Pin To Net: NetName=+5V Pin=*6-8
Added Pin To Net: NetName=Net*7_1 Pin=*7-1
Added Pin To Net: NetName=Net*7_1 Pin=*7-2
Added Pin To Net: NetName=C_ADC_IN2 Pin=*7-3
Added Pin To Net: NetName=-5V Pin=*7-4
Added Pin To Net: NetName=C_ADC_IN3 Pin=*7-5
Added Pin To Net: NetName=Net*7_6 Pin=*7-6
Added Pin To Net: NetName=Net*7_6 Pin=*7-7
Added Pin To Net: NetName=+5V Pin=*7-8
Added Pin To Net: NetName=Net1_1 Pin=1-1
Added Pin To Net: NetName=Net1_2 Pin=1-2
Added Pin To Net: NetName=AGND Pin=1-3
Added Pin To Net: NetName=5V_OUT Pin=1-4
Added Pin To Net: NetName=AGND Pin=1-5
Added Pin To Net: NetName=AGND Pin=2-1
Added Pin To Net: NetName=GND Pin=2-2
Added Pin To Net: NetName=GND Pin=3-1
Added Pin To Net: NetName=3V3_OUT Pin=3-2
Added Pin To Net: NetName=5V Pin=3-3
Added Pin To Net: NetName=Net4_1 Pin=4-1
Added Pin To Net: NetName=GND Pin=4-2
Added Pin To Net: NetName=Net5_1 Pin=5-1
Added Pin To Net: NetName=GND Pin=5-2
Added Pin To Net: NetName=Net6_1 Pin=6-1
Added Pin To Net: NetName=Net6_2 Pin=6-2
Added Pin To Net: NetName=GND Pin=7-1
Added Pin To Net: NetName=3V3 Pin=7-8
Added Pin To Net: NetName=GND Pin=7-9
Added Pin To Net: NetName=Net7_10 Pin=7-10
Added Pin To Net: NetName=GND Pin=7-11
Added Pin To Net: NetName=INT Pin=7-12
Added Pin To Net: NetName=3V3 Pin=7-13
Added Pin To Net: NetName=GND Pin=7-18
Added Pin To Net: NetName=Net7_20 Pin=7-20
Added Pin To Net: NetName=SCL Pin=7-23
Added Pin To Net: NetName=SDA Pin=7-24
Added Pin To Net: NetName=Net8_1 Pin=8-1
Added Pin To Net: NetName=Net8_2 Pin=8-2
Added Pin To Net: NetName=NetAntenna1_1 Pin=Antenna1-1
Added Pin To Net: NetName=GND Pin=Antenna1-2
Added Pin To Net: NetName=GND Pin=Antenna1-3
Added Pin To Net: NetName=GND Pin=AT1-1
Added Pin To Net: NetName=GND Pin=AT1-2
Added Pin To Net: NetName=GND Pin=AT1-3
Added Pin To Net: NetName=GND Pin=AT1-4
Added Pin To Net: NetName=NetAT1_5 Pin=AT1-5
Added Pin To Net: NetName=NetAT1_6 Pin=AT1-6
Added Pin To Net: NetName=3V3 Pin=AT1-8
Added Pin To Net: NetName=V_BAT Pin=Bat1-1
Added Pin To Net: NetName=GND Pin=Bat1-2
Added Pin To Net: NetName=5V Pin=C1-1
Added Pin To Net: NetName=GND Pin=C1-2
Added Pin To Net: NetName=Net1_1 Pin=C2-1
Added Pin To Net: NetName=AGND Pin=C2-2
Added Pin To Net: NetName=5V_OUT Pin=C3-1
Added Pin To Net: NetName=GND Pin=C3-2
Added Pin To Net: NetName=RST Pin=C4-1
Added Pin To Net: NetName=GND Pin=C4-2
Added Pin To Net: NetName=3V3 Pin=C5-1
Added Pin To Net: NetName=GND Pin=C5-2
Added Pin To Net: NetName=GND Pin=C6-1
Added Pin To Net: NetName=NetC6_2 Pin=C6-2
Added Pin To Net: NetName=5V_OUT Pin=C7-1
Added Pin To Net: NetName=GND Pin=C7-2
Added Pin To Net: NetName=GND Pin=C8-1
Added Pin To Net: NetName=3V3 Pin=C8-2
Added Pin To Net: NetName=GND Pin=C9-1
Added Pin To Net: NetName=3V3 Pin=C9-2
Added Pin To Net: NetName=GND Pin=C10-1
Added Pin To Net: NetName=5V Pin=C10-2
Added Pin To Net: NetName=GND Pin=C11-1
Added Pin To Net: NetName=5V Pin=C11-2
Added Pin To Net: NetName=GND Pin=C12-1
Added Pin To Net: NetName=3V3_OUT Pin=C12-2
Added Pin To Net: NetName=3V3_OUT Pin=C13-1
Added Pin To Net: NetName=GND Pin=C13-2
Added Pin To Net: NetName=GND Pin=C14-1
Added Pin To Net: NetName=NetC14_2 Pin=C14-2
Added Pin To Net: NetName=GND Pin=C15-1
Added Pin To Net: NetName=Net6_2 Pin=C15-2
Added Pin To Net: NetName=GND Pin=C16-1
Added Pin To Net: NetName=Net6_1 Pin=C16-2
Added Pin To Net: NetName=Net7_20 Pin=C17-1
Added Pin To Net: NetName=GND Pin=C17-2
Added Pin To Net: NetName=GND Pin=C18-1
Added Pin To Net: NetName=2.5V Pin=C18-2
Added Pin To Net: NetName=GND Pin=C19-1
Added Pin To Net: NetName=3V3 Pin=C19-2
Added Pin To Net: NetName=NetC20_1 Pin=C20-1
Added Pin To Net: NetName=GND Pin=C20-2
Added Pin To Net: NetName=GND Pin=C21-1
Added Pin To Net: NetName=3V3 Pin=C21-2
Added Pin To Net: NetName=3V3 Pin=C22-1
Added Pin To Net: NetName=GND Pin=C22-2
Added Pin To Net: NetName=Net8_2 Pin=C23-1
Added Pin To Net: NetName=GND Pin=C23-2
Added Pin To Net: NetName=GND Pin=C24-1
Added Pin To Net: NetName=3V3 Pin=C24-2
Added Pin To Net: NetName=3V3 Pin=C25-1
Added Pin To Net: NetName=GND Pin=C25-2
Added Pin To Net: NetName=Net7_10 Pin=C26-1
Added Pin To Net: NetName=GND Pin=C26-2
Added Pin To Net: NetName=Net8_1 Pin=C27-1
Added Pin To Net: NetName=GND Pin=C27-2
Added Pin To Net: NetName=3V3 Pin=C28-1
Added Pin To Net: NetName=GND Pin=C28-2
Added Pin To Net: NetName=SGND Pin=C29-1
Added Pin To Net: NetName=+5V Pin=C29-2
Added Pin To Net: NetName=GND Pin=C30-1
Added Pin To Net: NetName=5V Pin=C30-2
Added Pin To Net: NetName=-5V Pin=C31-1
Added Pin To Net: NetName=SGND Pin=C31-2
Added Pin To Net: NetName=GND Pin=CH1-1
Added Pin To Net: NetName=RX1 Pin=CH1-2
Added Pin To Net: NetName=TX1 Pin=CH1-3
Added Pin To Net: NetName=NetC20_1 Pin=CH1-4
Added Pin To Net: NetName=UD+ Pin=CH1-5
Added Pin To Net: NetName=UD- Pin=CH1-6
Added Pin To Net: NetName=Net8_2 Pin=CH1-7
Added Pin To Net: NetName=Net8_1 Pin=CH1-8
Added Pin To Net: NetName=NetCH1_13 Pin=CH1-13
Added Pin To Net: NetName=NetCH1_14 Pin=CH1-14
Added Pin To Net: NetName=3V3 Pin=CH1-16
Added Pin To Net: NetName=5V Pin=CTM1-1
Added Pin To Net: NetName=GND Pin=CTM1-2
Added Pin To Net: NetName=CANTX Pin=CTM1-3
Added Pin To Net: NetName=CANRX Pin=CTM1-4
Added Pin To Net: NetName=CANH Pin=CTM1-6
Added Pin To Net: NetName=CANL Pin=CTM1-7
Added Pin To Net: NetName=NetD1_1 Pin=D1-1
Added Pin To Net: NetName=Net1_1 Pin=D1-2
Added Pin To Net: NetName=GND Pin=D2-1
Added Pin To Net: NetName=Net1_2 Pin=D2-2
Added Pin To Net: NetName=AGND Pin=D3-1
Added Pin To Net: NetName=NetD1_1 Pin=D3-2
Added Pin To Net: NetName=3V3 Pin=D4-1
Added Pin To Net: NetName=V_BAT Pin=D4-2
Added Pin To Net: NetName=RST Pin=D5-1
Added Pin To Net: NetName=NetD5_2 Pin=D5-2
Added Pin To Net: NetName=3V3 Pin=DS1-1
Added Pin To Net: NetName=NetC6_2 Pin=DS1-2
Added Pin To Net: NetName=NetC14_2 Pin=DS1-3
Added Pin To Net: NetName=GND Pin=DS1-4
Added Pin To Net: NetName=RTC_RST Pin=DS1-5
Added Pin To Net: NetName=RTC_IO Pin=DS1-6
Added Pin To Net: NetName=RTC_CLK Pin=DS1-7
Added Pin To Net: NetName=V_BAT Pin=DS1-8
Added Pin To Net: NetName=5V_OUT Pin=Fuse1-1
Added Pin To Net: NetName=5V Pin=Fuse1-2
Added Pin To Net: NetName=3V3_OUT Pin=Fuse2-1
Added Pin To Net: NetName=3V3 Pin=Fuse2-2
Added Pin To Net: NetName=PCCGPS Pin=GPS-NEO-1-3
Added Pin To Net: NetName=3V3 Pin=GPS-NEO-1-7
Added Pin To Net: NetName=NetGPS-NEO-1_9 Pin=GPS-NEO-1-9
Added Pin To Net: NetName=GND Pin=GPS-NEO-1-10
Added Pin To Net: NetName=NetAntenna1_1 Pin=GPS-NEO-1-11
Added Pin To Net: NetName=GND Pin=GPS-NEO-1-12
Added Pin To Net: NetName=GND Pin=GPS-NEO-1-13
Added Pin To Net: NetName=NetAT1_5 Pin=GPS-NEO-1-18
Added Pin To Net: NetName=NetAT1_6 Pin=GPS-NEO-1-19
Added Pin To Net: NetName=NetGPS-NEO-1_20 Pin=GPS-NEO-1-20
Added Pin To Net: NetName=NetGPS-NEO-1_21 Pin=GPS-NEO-1-21
Added Pin To Net: NetName=V_BAT Pin=GPS-NEO-1-22
Added Pin To Net: NetName=3V3 Pin=GPS-NEO-1-23
Added Pin To Net: NetName=GND Pin=GPS-NEO-1-24
Added Pin To Net: NetName=NetJ1_1 Pin=J1-1
Added Pin To Net: NetName=PWM0 Pin=J1-2
Added Pin To Net: NetName=GND Pin=J1-3
Added Pin To Net: NetName=PWM_O0 Pin=J1-4
Added Pin To Net: NetName=NetJ2_1 Pin=J2-1
Added Pin To Net: NetName=CAP_IN0 Pin=J2-2
Added Pin To Net: NetName=GND Pin=J2-3
Added Pin To Net: NetName=CAPTURE0 Pin=J2-4
Added Pin To Net: NetName=NetJ3_1 Pin=J3-1
Added Pin To Net: NetName=PWM1 Pin=J3-2
Added Pin To Net: NetName=GND Pin=J3-3
Added Pin To Net: NetName=PWM_O1 Pin=J3-4
Added Pin To Net: NetName=NetJ4_1 Pin=J4-1
Added Pin To Net: NetName=CAP_IN1 Pin=J4-2
Added Pin To Net: NetName=GND Pin=J4-3
Added Pin To Net: NetName=CAPTURE1 Pin=J4-4
Added Pin To Net: NetName=NetJ5_1 Pin=J5-1
Added Pin To Net: NetName=PWM2 Pin=J5-2
Added Pin To Net: NetName=GND Pin=J5-3
Added Pin To Net: NetName=PWM_O2 Pin=J5-4
Added Pin To Net: NetName=NetJ6_1 Pin=J6-1
Added Pin To Net: NetName=CAP_IN2 Pin=J6-2
Added Pin To Net: NetName=GND Pin=J6-3
Added Pin To Net: NetName=CAPTURE2 Pin=J6-4
Added Pin To Net: NetName=NetJ7_1 Pin=J7-1
Added Pin To Net: NetName=PWM3 Pin=J7-2
Added Pin To Net: NetName=GND Pin=J7-3
Added Pin To Net: NetName=PWM_O3 Pin=J7-4
Added Pin To Net: NetName=NetJ8_1 Pin=J8-1
Added Pin To Net: NetName=CAP_IN3 Pin=J8-2
Added Pin To Net: NetName=GND Pin=J8-3
Added Pin To Net: NetName=CAPTURE3 Pin=J8-4
Added Pin To Net: NetName=Net1_2 Pin=L1-1
Added Pin To Net: NetName=5V_OUT Pin=L1-2
Added Pin To Net: NetName=NetL2_1 Pin=L2-1
Added Pin To Net: NetName=NetAntenna1_1 Pin=L2-2
Added Pin To Net: NetName=NetLED1_1 Pin=LED1-1
Added Pin To Net: NetName=LED1 Pin=LED1-2
Added Pin To Net: NetName=NetLED2_1 Pin=LED2-1
Added Pin To Net: NetName=LED2 Pin=LED2-2
Added Pin To Net: NetName=3V3 Pin=nRF1-1
Added Pin To Net: NetName=CE Pin=nRF1-2
Added Pin To Net: NetName=CSN Pin=nRF1-3
Added Pin To Net: NetName=SCK Pin=nRF1-4
Added Pin To Net: NetName=MOSI Pin=nRF1-5
Added Pin To Net: NetName=MISO Pin=nRF1-6
Added Pin To Net: NetName=IRQ Pin=nRF1-7
Added Pin To Net: NetName=GND Pin=nRF1-8
Added Pin To Net: NetName=GND Pin=OLED1-1
Added Pin To Net: NetName=3V3 Pin=OLED1-2
Added Pin To Net: NetName=OLED_D0 Pin=OLED1-3
Added Pin To Net: NetName=OLED_D1 Pin=OLED1-4
Added Pin To Net: NetName=OLED_RST Pin=OLED1-5
Added Pin To Net: NetName=OLED_DS Pin=OLED1-6
Added Pin To Net: NetName=GND Pin=OLED1-7
Added Pin To Net: NetName=AGND Pin=P1-1
Added Pin To Net: NetName=NetD1_1 Pin=P1-2
Added Pin To Net: NetName=3V3 Pin=PCC1-1
Added Pin To Net: NetName=NetPCC1_2 Pin=PCC1-2
Added Pin To Net: NetName=5V Pin=Power1-1
Added Pin To Net: NetName=5V Pin=Power1-2
Added Pin To Net: NetName=5V Pin=Power1-3
Added Pin To Net: NetName=5V Pin=Power1-4
Added Pin To Net: NetName=5V Pin=Power1-5
Added Pin To Net: NetName=3V3 Pin=Power1-6
Added Pin To Net: NetName=3V3 Pin=Power1-7
Added Pin To Net: NetName=3V3 Pin=Power1-8
Added Pin To Net: NetName=3V3 Pin=Power1-9
Added Pin To Net: NetName=3V3 Pin=Power1-10
Added Pin To Net: NetName=GND Pin=Power1-11
Added Pin To Net: NetName=GND Pin=Power1-12
Added Pin To Net: NetName=GND Pin=Power1-13
Added Pin To Net: NetName=GND Pin=Power1-14
Added Pin To Net: NetName=GND Pin=Power1-15
Added Pin To Net: NetName=GND Pin=Power1-16
Added Pin To Net: NetName=GND Pin=Power1-17
Added Pin To Net: NetName=NetQ1_1 Pin=Q1-1
Added Pin To Net: NetName=NetCH1_14 Pin=Q1-2
Added Pin To Net: NetName=NetD5_2 Pin=Q1-3
Added Pin To Net: NetName=NetQ2_1 Pin=Q2-1
Added Pin To Net: NetName=3V3 Pin=Q2-2
Added Pin To Net: NetName=NetQ2_3 Pin=Q2-3
Added Pin To Net: NetName=3V3 Pin=R1-1
Added Pin To Net: NetName=RST Pin=R1-2
Added Pin To Net: NetName=CANL Pin=R2-1
Added Pin To Net: NetName=CANH Pin=R2-2
Added Pin To Net: NetName=3V3 Pin=R3-1
Added Pin To Net: NetName=SD_D2 Pin=R3-2
Added Pin To Net: NetName=3V3 Pin=R4-1
Added Pin To Net: NetName=SD_D3 Pin=R4-2
Added Pin To Net: NetName=3V3 Pin=R5-1
Added Pin To Net: NetName=SD_CMD Pin=R5-2
Added Pin To Net: NetName=3V3 Pin=R6-1
Added Pin To Net: NetName=SD_D0 Pin=R6-2
Added Pin To Net: NetName=3V3 Pin=R7-1
Added Pin To Net: NetName=SD_D1 Pin=R7-2
Added Pin To Net: NetName=3V3 Pin=R8-1
Added Pin To Net: NetName=SCL Pin=R8-2
Added Pin To Net: NetName=3V3 Pin=R9-1
Added Pin To Net: NetName=SDA Pin=R9-2
Added Pin To Net: NetName=GND Pin=R10-1
Added Pin To Net: NetName=NetR10_2 Pin=R10-2
Added Pin To Net: NetName=Net4_1 Pin=R11-1
Added Pin To Net: NetName=5V Pin=R11-2
Added Pin To Net: NetName=Net5_1 Pin=R12-1
Added Pin To Net: NetName=3V3 Pin=R12-2
Added Pin To Net: NetName=GND Pin=R13-1
Added Pin To Net: NetName=BT0 Pin=R13-2
Added Pin To Net: NetName=RX1 Pin=R14-1
Added Pin To Net: NetName=NetR14_2 Pin=R14-2
Added Pin To Net: NetName=3V3 Pin=R15-1
Added Pin To Net: NetName=NetD5_2 Pin=R15-2
Added Pin To Net: NetName=TX1 Pin=R16-1
Added Pin To Net: NetName=NetR16_2 Pin=R16-2
Added Pin To Net: NetName=NetL2_1 Pin=R17-1
Added Pin To Net: NetName=NetGPS-NEO-1_9 Pin=R17-2
Added Pin To Net: NetName=NetQ1_1 Pin=R18-1
Added Pin To Net: NetName=NetCH1_13 Pin=R18-2
Added Pin To Net: NetName=NetQ2_1 Pin=R19-1
Added Pin To Net: NetName=NetCH1_14 Pin=R19-2
Added Pin To Net: NetName=NetGPS-NEO-1_20 Pin=R20-1
Added Pin To Net: NetName=RX3GPS Pin=R20-2
Added Pin To Net: NetName=NetGPS-NEO-1_21 Pin=R21-1
Added Pin To Net: NetName=TX3GPS Pin=R21-2
Added Pin To Net: NetName=NetPCC1_2 Pin=R22-1
Added Pin To Net: NetName=PCCGPS Pin=R22-2
Added Pin To Net: NetName=BT0 Pin=R23-1
Added Pin To Net: NetName=NetQ2_3 Pin=R23-2
Added Pin To Net: NetName=NetLED1_1 Pin=R24-1
Added Pin To Net: NetName=3V3 Pin=R24-2
Added Pin To Net: NetName=NetLED2_1 Pin=R25-1
Added Pin To Net: NetName=3V3 Pin=R25-2
Added Pin To Net: NetName=GND Pin=R26-1
Added Pin To Net: NetName=SGND Pin=R26-2
Added Pin To Net: NetName=悬架行程―左前 Pin=R27-1
Added Pin To Net: NetName=SGND Pin=R27-2
Added Pin To Net: NetName=Net*3_1 Pin=R28-1
Added Pin To Net: NetName=悬架行程―左前 Pin=R28-2
Added Pin To Net: NetName=Net*3_6 Pin=R29-1
Added Pin To Net: NetName=悬架行程―左后 Pin=R29-2
Added Pin To Net: NetName=悬架行程―左后 Pin=R30-1
Added Pin To Net: NetName=SGND Pin=R30-2
Added Pin To Net: NetName=SGND Pin=R31-1
Added Pin To Net: NetName=左前 Pin=R31-2
Added Pin To Net: NetName=左后 Pin=R32-1
Added Pin To Net: NetName=SGND Pin=R32-2
Added Pin To Net: NetName=SGND Pin=R33-1
Added Pin To Net: NetName=悬架行程―右后 Pin=R33-2
Added Pin To Net: NetName=悬架行程―右后 Pin=R34-1
Added Pin To Net: NetName=Net*4_1 Pin=R34-2
Added Pin To Net: NetName=Net*4_6 Pin=R35-1
Added Pin To Net: NetName=悬架行程―右前 Pin=R35-2
Added Pin To Net: NetName=悬架行程―右前 Pin=R36-1
Added Pin To Net: NetName=SGND Pin=R36-2
Added Pin To Net: NetName=+5V Pin=R37-1
Added Pin To Net: NetName=PWM_O0 Pin=R37-2
Added Pin To Net: NetName=3V3 Pin=R38-1
Added Pin To Net: NetName=NetJ1_1 Pin=R38-2
Added Pin To Net: NetName=+5V Pin=R39-1
Added Pin To Net: NetName=NetJ2_1 Pin=R39-2
Added Pin To Net: NetName=3V3 Pin=R40-1
Added Pin To Net: NetName=CAPTURE0 Pin=R40-2
Added Pin To Net: NetName=SGND Pin=R41-1
Added Pin To Net: NetName=右后 Pin=R41-2
Added Pin To Net: NetName=右前 Pin=R42-1
Added Pin To Net: NetName=SGND Pin=R42-2
Added Pin To Net: NetName=SGND Pin=R43-1
Added Pin To Net: NetName=ADC1 Pin=R43-2
Added Pin To Net: NetName=ADC1 Pin=R44-1
Added Pin To Net: NetName=Net*5_1 Pin=R44-2
Added Pin To Net: NetName=+5V Pin=R45-1
Added Pin To Net: NetName=PWM_O1 Pin=R45-2
Added Pin To Net: NetName=3V3 Pin=R46-1
Added Pin To Net: NetName=NetJ3_1 Pin=R46-2
Added Pin To Net: NetName=+5V Pin=R47-1
Added Pin To Net: NetName=NetJ4_1 Pin=R47-2
Added Pin To Net: NetName=3V3 Pin=R48-1
Added Pin To Net: NetName=CAPTURE1 Pin=R48-2
Added Pin To Net: NetName=Net*5_6 Pin=R49-1
Added Pin To Net: NetName=ADC2 Pin=R49-2
Added Pin To Net: NetName=ADC2 Pin=R50-1
Added Pin To Net: NetName=SGND Pin=R50-2
Added Pin To Net: NetName=SGND Pin=R51-1
Added Pin To Net: NetName=ADC_IN1 Pin=R51-2
Added Pin To Net: NetName=ADC_IN2 Pin=R52-1
Added Pin To Net: NetName=SGND Pin=R52-2
Added Pin To Net: NetName=C_ADC1 Pin=R53-1
Added Pin To Net: NetName=ADC4 Pin=R53-2
Added Pin To Net: NetName=SGND Pin=R54-1
Added Pin To Net: NetName=ADC3 Pin=R54-2
Added Pin To Net: NetName=ADC3 Pin=R55-1
Added Pin To Net: NetName=Net*6_1 Pin=R55-2
Added Pin To Net: NetName=+5V Pin=R56-1
Added Pin To Net: NetName=PWM_O2 Pin=R56-2
Added Pin To Net: NetName=3V3 Pin=R57-1
Added Pin To Net: NetName=NetJ5_1 Pin=R57-2
Added Pin To Net: NetName=+5V Pin=R58-1
Added Pin To Net: NetName=NetJ6_1 Pin=R58-2
Added Pin To Net: NetName=3V3 Pin=R59-1
Added Pin To Net: NetName=CAPTURE2 Pin=R59-2
Added Pin To Net: NetName=C_ADC2 Pin=R60-1
Added Pin To Net: NetName=ADC5 Pin=R60-2
Added Pin To Net: NetName=Net*6_6 Pin=R61-1
Added Pin To Net: NetName=C_ADC1 Pin=R61-2
Added Pin To Net: NetName=C_ADC1 Pin=R62-1
Added Pin To Net: NetName=SGND Pin=R62-2
Added Pin To Net: NetName=C_ADC3 Pin=R63-1
Added Pin To Net: NetName=ADC6 Pin=R63-2
Added Pin To Net: NetName=SGND Pin=R64-1
Added Pin To Net: NetName=ADC_IN3 Pin=R64-2
Added Pin To Net: NetName=C_ADC_IN1 Pin=R65-1
Added Pin To Net: NetName=SGND Pin=R65-2
Added Pin To Net: NetName=SGND Pin=R66-1
Added Pin To Net: NetName=C_ADC2 Pin=R66-2
Added Pin To Net: NetName=C_ADC2 Pin=R67-1
Added Pin To Net: NetName=Net*7_1 Pin=R67-2
Added Pin To Net: NetName=+5V Pin=R68-1
Added Pin To Net: NetName=PWM_O3 Pin=R68-2
Added Pin To Net: NetName=3V3 Pin=R69-1
Added Pin To Net: NetName=NetJ7_1 Pin=R69-2
Added Pin To Net: NetName=+5V Pin=R70-1
Added Pin To Net: NetName=NetJ8_1 Pin=R70-2
Added Pin To Net: NetName=3V3 Pin=R71-1
Added Pin To Net: NetName=CAPTURE3 Pin=R71-2
Added Pin To Net: NetName=Net*7_6 Pin=R72-1
Added Pin To Net: NetName=C_ADC3 Pin=R72-2
Added Pin To Net: NetName=C_ADC3 Pin=R73-1
Added Pin To Net: NetName=SGND Pin=R73-2
Added Pin To Net: NetName=SGND Pin=R74-1
Added Pin To Net: NetName=C_ADC_IN2 Pin=R74-2
Added Pin To Net: NetName=C_ADC_IN3 Pin=R75-1
Added Pin To Net: NetName=SGND Pin=R75-2
Added Pin To Net: NetName=GND Pin=RST1-1
Added Pin To Net: NetName=RST Pin=RST1-2
Added Pin To Net: NetName=3V3 Pin=RX1-1
Added Pin To Net: NetName=NetR14_2 Pin=RX1-2
Added Pin To Net: NetName=SD_D2 Pin=SDCard1-1
Added Pin To Net: NetName=SD_D3 Pin=SDCard1-2
Added Pin To Net: NetName=SD_CMD Pin=SDCard1-3
Added Pin To Net: NetName=3V3 Pin=SDCard1-4
Added Pin To Net: NetName=SD_CLK Pin=SDCard1-5
Added Pin To Net: NetName=GND Pin=SDCard1-6
Added Pin To Net: NetName=SD_D0 Pin=SDCard1-7
Added Pin To Net: NetName=SD_D1 Pin=SDCard1-8
Added Pin To Net: NetName=GND Pin=SDCard1-10
Added Pin To Net: NetName=GND Pin=SDCard1-11
Added Pin To Net: NetName=GND Pin=SDCard1-12
Added Pin To Net: NetName=GND Pin=SDCard1-13
Added Pin To Net: NetName=IO4 Pin=Signal1-1
Added Pin To Net: NetName=C_ADC_IN3 Pin=Signal1-2
Added Pin To Net: NetName=C_ADC_IN2 Pin=Signal1-3
Added Pin To Net: NetName=C_ADC_IN1 Pin=Signal1-4
Added Pin To Net: NetName=ADC_IN3 Pin=Signal1-5
Added Pin To Net: NetName=ADC_IN2 Pin=Signal1-6
Added Pin To Net: NetName=ADC_IN1 Pin=Signal1-7
Added Pin To Net: NetName=右前 Pin=Signal1-8
Added Pin To Net: NetName=右后 Pin=Signal1-9
Added Pin To Net: NetName=左后 Pin=Signal1-10
Added Pin To Net: NetName=左前 Pin=Signal1-11
Added Pin To Net: NetName=CANL Pin=Signal1-12
Added Pin To Net: NetName=CANH Pin=Signal1-13
Added Pin To Net: NetName=IO3 Pin=Signal1-14
Added Pin To Net: NetName=IO2 Pin=Signal1-15
Added Pin To Net: NetName=IO1 Pin=Signal1-16
Added Pin To Net: NetName=IO0 Pin=Signal1-17
Added Pin To Net: NetName=CAP_IN3 Pin=Signal1-18
Added Pin To Net: NetName=CAP_IN2 Pin=Signal1-19
Added Pin To Net: NetName=CAP_IN1 Pin=Signal1-20
Added Pin To Net: NetName=CAP_IN0 Pin=Signal1-21
Added Pin To Net: NetName=PWM_O3 Pin=Signal1-22
Added Pin To Net: NetName=PWM_O2 Pin=Signal1-23
Added Pin To Net: NetName=PWM_O1 Pin=Signal1-24
Added Pin To Net: NetName=PWM_O0 Pin=Signal1-25
Added Pin To Net: NetName=GND Pin=Signal1-26
Added Pin To Net: NetName=GND Pin=Signal1-27
Added Pin To Net: NetName=5V_OUT Pin=STLINK1-1
Added Pin To Net: NetName=U- Pin=STLINK1-2
Added Pin To Net: NetName=U+ Pin=STLINK1-3
Added Pin To Net: NetName=GND Pin=STLINK1-5
Added Pin To Net: NetName=RTC_CLK Pin=STM1-1
Added Pin To Net: NetName=RTC_IO Pin=STM1-2
Added Pin To Net: NetName=RTC_RST Pin=STM1-3
Added Pin To Net: NetName=3V3 Pin=STM1-6
Added Pin To Net: NetName=GND Pin=STM1-10
Added Pin To Net: NetName=3V3 Pin=STM1-11
Added Pin To Net: NetName=Net6_2 Pin=STM1-12
Added Pin To Net: NetName=Net6_1 Pin=STM1-13
Added Pin To Net: NetName=RST Pin=STM1-14
Added Pin To Net: NetName=ADC1 Pin=STM1-15
Added Pin To Net: NetName=ADC2 Pin=STM1-16
Added Pin To Net: NetName=ADC3 Pin=STM1-17
Added Pin To Net: NetName=ADC4 Pin=STM1-18
Added Pin To Net: NetName=GND Pin=STM1-19
Added Pin To Net: NetName=GND Pin=STM1-20
Added Pin To Net: NetName=2.5V Pin=STM1-21
Added Pin To Net: NetName=3V3 Pin=STM1-22
Added Pin To Net: NetName=PWM0 Pin=STM1-23
Added Pin To Net: NetName=PWM1 Pin=STM1-24
Added Pin To Net: NetName=PWM2 Pin=STM1-25
Added Pin To Net: NetName=PWM3 Pin=STM1-26
Added Pin To Net: NetName=GND Pin=STM1-27
Added Pin To Net: NetName=3V3 Pin=STM1-28
Added Pin To Net: NetName=悬架行程―右前 Pin=STM1-29
Added Pin To Net: NetName=悬架行程―右后 Pin=STM1-30
Added Pin To Net: NetName=悬架行程―左后 Pin=STM1-31
Added Pin To Net: NetName=悬架行程―左前 Pin=STM1-32
Added Pin To Net: NetName=ADC5 Pin=STM1-33
Added Pin To Net: NetName=ADC6 Pin=STM1-34
Added Pin To Net: NetName=SCL Pin=STM1-35
Added Pin To Net: NetName=SDA Pin=STM1-36
Added Pin To Net: NetName=NetR10_2 Pin=STM1-37
Added Pin To Net: NetName=IO4 Pin=STM1-38
Added Pin To Net: NetName=IO3 Pin=STM1-39
Added Pin To Net: NetName=IO2 Pin=STM1-40
Added Pin To Net: NetName=IO1 Pin=STM1-41
Added Pin To Net: NetName=IO0 Pin=STM1-42
Added Pin To Net: NetName=PCCGPS Pin=STM1-46
Added Pin To Net: NetName=TX3GPS Pin=STM1-47
Added Pin To Net: NetName=RX3GPS Pin=STM1-48
Added Pin To Net: NetName=GND Pin=STM1-49
Added Pin To Net: NetName=3V3 Pin=STM1-50
Added Pin To Net: NetName=IRQ Pin=STM1-51
Added Pin To Net: NetName=SCK Pin=STM1-52
Added Pin To Net: NetName=MISO Pin=STM1-53
Added Pin To Net: NetName=MOSI Pin=STM1-54
Added Pin To Net: NetName=CSN Pin=STM1-56
Added Pin To Net: NetName=CE Pin=STM1-57
Added Pin To Net: NetName=OLED_D0 Pin=STM1-58
Added Pin To Net: NetName=OLED_D1 Pin=STM1-59
Added Pin To Net: NetName=OLED_RST Pin=STM1-60
Added Pin To Net: NetName=OLED_DS Pin=STM1-61
Added Pin To Net: NetName=LED2 Pin=STM1-63
Added Pin To Net: NetName=LED1 Pin=STM1-64
Added Pin To Net: NetName=SD_D0 Pin=STM1-65
Added Pin To Net: NetName=SD_D1 Pin=STM1-66
Added Pin To Net: NetName=TX1 Pin=STM1-68
Added Pin To Net: NetName=RX1 Pin=STM1-69
Added Pin To Net: NetName=CANRX Pin=STM1-70
Added Pin To Net: NetName=CANTX Pin=STM1-71
Added Pin To Net: NetName=SWDIO Pin=STM1-72
Added Pin To Net: NetName=NC Pin=STM1-73
Added Pin To Net: NetName=GND Pin=STM1-74
Added Pin To Net: NetName=3V3 Pin=STM1-75
Added Pin To Net: NetName=SWCLK Pin=STM1-76
Added Pin To Net: NetName=INT Pin=STM1-77
Added Pin To Net: NetName=SD_D2 Pin=STM1-78
Added Pin To Net: NetName=SD_D3 Pin=STM1-79
Added Pin To Net: NetName=SD_CLK Pin=STM1-80
Added Pin To Net: NetName=SD_CMD Pin=STM1-83
Added Pin To Net: NetName=CAPTURE0 Pin=STM1-92
Added Pin To Net: NetName=CAPTURE1 Pin=STM1-93
Added Pin To Net: NetName=BT0 Pin=STM1-94
Added Pin To Net: NetName=CAPTURE2 Pin=STM1-95
Added Pin To Net: NetName=CAPTURE3 Pin=STM1-96
Added Pin To Net: NetName=GND Pin=STM1-99
Added Pin To Net: NetName=3V3 Pin=STM1-100
Added Pin To Net: NetName=3V3 Pin=TX1-1
Added Pin To Net: NetName=NetR16_2 Pin=TX1-2
Added Pin To Net: NetName=5V_OUT Pin=UART1-1
Added Pin To Net: NetName=UD- Pin=UART1-2
Added Pin To Net: NetName=UD+ Pin=UART1-3
Added Pin To Net: NetName=GND Pin=UART1-5
Added Pin To Net: NetName=NetC14_2 Pin=XTAL1-1
Added Pin To Net: NetName=NetC6_2 Pin=XTAL1-2
Added Member To Class: ClassName=采集卡 Member=Component *1 MC1403
Added Member To Class: ClassName=采集卡 Member=Component *2 IA0505S-2W
Added Member To Class: ClassName=采集卡 Member=Component *3 NE5532
Added Member To Class: ClassName=采集卡 Member=Component *4 NE5532
Added Member To Class: ClassName=采集卡 Member=Component *5 NE5532
Added Member To Class: ClassName=采集卡 Member=Component *6 NE5532
Added Member To Class: ClassName=采集卡 Member=Component *7 NE5532
Added Member To Class: ClassName=采集卡 Member=Component 1 LM2596S-5.0
Added Member To Class: ClassName=采集卡 Member=Component 2 0
Added Member To Class: ClassName=采集卡 Member=Component 3 AMS1117
Added Member To Class: ClassName=采集卡 Member=Component 4 LED0
Added Member To Class: ClassName=采集卡 Member=Component 5 LED0
Added Member To Class: ClassName=采集卡 Member=Component 6 8M
Added Member To Class: ClassName=采集卡 Member=Component 7 MPU6050
Added Member To Class: ClassName=采集卡 Member=Component 8 12M
Added Member To Class: ClassName=采集卡 Member=Component Antenna1 IPX接头
Added Member To Class: ClassName=采集卡 Member=Component AT1 AT24C02
Added Member To Class: ClassName=采集卡 Member=Component Bat1 Battery
Added Member To Class: ClassName=采集卡 Member=Component C1 Cap
Added Member To Class: ClassName=采集卡 Member=Component C2 680uF/35V
Added Member To Class: ClassName=采集卡 Member=Component C3 220uF/16V
Added Member To Class: ClassName=采集卡 Member=Component C4 Cap
Added Member To Class: ClassName=采集卡 Member=Component C5 Cap
Added Member To Class: ClassName=采集卡 Member=Component C6 6pf
Added Member To Class: ClassName=采集卡 Member=Component C7 Cap
Added Member To Class: ClassName=采集卡 Member=Component C8 Cap
Added Member To Class: ClassName=采集卡 Member=Component C9 Cap
Added Member To Class: ClassName=采集卡 Member=Component C10 Cap
Added Member To Class: ClassName=采集卡 Member=Component C11 Cap
Added Member To Class: ClassName=采集卡 Member=Component C12 Cap
Added Member To Class: ClassName=采集卡 Member=Component C13 Cap
Added Member To Class: ClassName=采集卡 Member=Component C14 6pf
Added Member To Class: ClassName=采集卡 Member=Component C15 22pf
Added Member To Class: ClassName=采集卡 Member=Component C16 22pf
Added Member To Class: ClassName=采集卡 Member=Component C17 Cap
Added Member To Class: ClassName=采集卡 Member=Component C18 Cap
Added Member To Class: ClassName=采集卡 Member=Component C19 104
Added Member To Class: ClassName=采集卡 Member=Component C20 104
Added Member To Class: ClassName=采集卡 Member=Component C21 104
Added Member To Class: ClassName=采集卡 Member=Component C22 Cap
Added Member To Class: ClassName=采集卡 Member=Component C23 Cap
Added Member To Class: ClassName=采集卡 Member=Component C24 104
Added Member To Class: ClassName=采集卡 Member=Component C25 Cap
Added Member To Class: ClassName=采集卡 Member=Component C26 Cap
Added Member To Class: ClassName=采集卡 Member=Component C27 Cap
Added Member To Class: ClassName=采集卡 Member=Component C28 Cap
Added Member To Class: ClassName=采集卡 Member=Component C29 Cap
Added Member To Class: ClassName=采集卡 Member=Component C30 Cap
Added Member To Class: ClassName=采集卡 Member=Component C31 Cap
Added Member To Class: ClassName=采集卡 Member=Component CH1 CH340G
Added Member To Class: ClassName=采集卡 Member=Component CTM1 CTM8251
Added Member To Class: ClassName=采集卡 Member=Component D1 1N4007
Added Member To Class: ClassName=采集卡 Member=Component D2 1N5824
Added Member To Class: ClassName=采集卡 Member=Component D3 双向TVS
Added Member To Class: ClassName=采集卡 Member=Component D4 1n4148
Added Member To Class: ClassName=采集卡 Member=Component D5 1n4148
Added Member To Class: ClassName=采集卡 Member=Component DS1 DS1302
Added Member To Class: ClassName=采集卡 Member=Component Fuse1 自恢复保险丝
Added Member To Class: ClassName=采集卡 Member=Component Fuse2 自恢复保险丝
Added Member To Class: ClassName=采集卡 Member=Component GPS-NEO-1 NEO-6M
Added Member To Class: ClassName=采集卡 Member=Component J1 TLP281
Added Member To Class: ClassName=采集卡 Member=Component J2 TLP281
Added Member To Class: ClassName=采集卡 Member=Component J3 TLP281
Added Member To Class: ClassName=采集卡 Member=Component J4 TLP281
Added Member To Class: ClassName=采集卡 Member=Component J5 TLP281
Added Member To Class: ClassName=采集卡 Member=Component J6 TLP281
Added Member To Class: ClassName=采集卡 Member=Component J7 TLP281
Added Member To Class: ClassName=采集卡 Member=Component J8 TLP281
Added Member To Class: ClassName=采集卡 Member=Component L1 Inductor
Added Member To Class: ClassName=采集卡 Member=Component L2 Inductor
Added Member To Class: ClassName=采集卡 Member=Component LED1 LED0
Added Member To Class: ClassName=采集卡 Member=Component LED2 LED0
Added Member To Class: ClassName=采集卡 Member=Component nRF1 nRF24l01贴片
Added Member To Class: ClassName=采集卡 Member=Component OLED1 OLED-Freescale
Added Member To Class: ClassName=采集卡 Member=Component P1 电源插头
Added Member To Class: ClassName=采集卡 Member=Component PCC1 LED0
Added Member To Class: ClassName=采集卡 Member=Component Power1 Power
Added Member To Class: ClassName=采集卡 Member=Component Q1 SS8050
Added Member To Class: ClassName=采集卡 Member=Component Q2 SS8550
Added Member To Class: ClassName=采集卡 Member=Component R1 Res2
Added Member To Class: ClassName=采集卡 Member=Component R2 Res2
Added Member To Class: ClassName=采集卡 Member=Component R3 Res2
Added Member To Class: ClassName=采集卡 Member=Component R4 Res2
Added Member To Class: ClassName=采集卡 Member=Component R5 Res2
Added Member To Class: ClassName=采集卡 Member=Component R6 Res2
Added Member To Class: ClassName=采集卡 Member=Component R7 Res2
Added Member To Class: ClassName=采集卡 Member=Component R8 10K
Added Member To Class: ClassName=采集卡 Member=Component R9 10K
Added Member To Class: ClassName=采集卡 Member=Component R10 10K
Added Member To Class: ClassName=采集卡 Member=Component R11 Res2
Added Member To Class: ClassName=采集卡 Member=Component R12 Res2
Added Member To Class: ClassName=采集卡 Member=Component R13 10K
Added Member To Class: ClassName=采集卡 Member=Component R14 472
Added Member To Class: ClassName=采集卡 Member=Component R15 10K
Added Member To Class: ClassName=采集卡 Member=Component R16 472
Added Member To Class: ClassName=采集卡 Member=Component R17 10
Added Member To Class: ClassName=采集卡 Member=Component R18 Res1
Added Member To Class: ClassName=采集卡 Member=Component R19 Res1
Added Member To Class: ClassName=采集卡 Member=Component R20 51R
Added Member To Class: ClassName=采集卡 Member=Component R21 51R
Added Member To Class: ClassName=采集卡 Member=Component R22 1K
Added Member To Class: ClassName=采集卡 Member=Component R23 Res1
Added Member To Class: ClassName=采集卡 Member=Component R24 Res2
Added Member To Class: ClassName=采集卡 Member=Component R25 Res2
Added Member To Class: ClassName=采集卡 Member=Component R26 Res1
Added Member To Class: ClassName=采集卡 Member=Component R27 0.1%
Added Member To Class: ClassName=采集卡 Member=Component R28 0.1%
Added Member To Class: ClassName=采集卡 Member=Component R29 0.1%
Added Member To Class: ClassName=采集卡 Member=Component R30 0.1%
Added Member To Class: ClassName=采集卡 Member=Component R31 Res1
Added Member To Class: ClassName=采集卡 Member=Component R32 Res1
Added Member To Class: ClassName=采集卡 Member=Component R33 0.1%
Added Member To Class: ClassName=采集卡 Member=Component R34 0.1%
Added Member To Class: ClassName=采集卡 Member=Component R35 0.1%
Added Member To Class: ClassName=采集卡 Member=Component R36 0.1%
Added Member To Class: ClassName=采集卡 Member=Component R37 Res1
Added Member To Class: ClassName=采集卡 Member=Component R38 Res1
Added Member To Class: ClassName=采集卡 Member=Component R39 Res1
Added Member To Class: ClassName=采集卡 Member=Component R40 Res1
Added Member To Class: ClassName=采集卡 Member=Component R41 Res1
Added Member To Class: ClassName=采集卡 Member=Component R42 Res1
Added Member To Class: ClassName=采集卡 Member=Component R43 0.1%
Added Member To Class: ClassName=采集卡 Member=Component R44 0.1%
Added Member To Class: ClassName=采集卡 Member=Component R45 Res1
Added Member To Class: ClassName=采集卡 Member=Component R46 Res1
Added Member To Class: ClassName=采集卡 Member=Component R47 Res1
Added Member To Class: ClassName=采集卡 Member=Component R48 Res1
Added Member To Class: ClassName=采集卡 Member=Component R49 0.1%
Added Member To Class: ClassName=采集卡 Member=Component R50 0.1%
Added Member To Class: ClassName=采集卡 Member=Component R51 Res1
Added Member To Class: ClassName=采集卡 Member=Component R52 Res1
Added Member To Class: ClassName=采集卡 Member=Component R53 Res1
Added Member To Class: ClassName=采集卡 Member=Component R54 0.1%
Added Member To Class: ClassName=采集卡 Member=Component R55 0.1%
Added Member To Class: ClassName=采集卡 Member=Component R56 Res1
Added Member To Class: ClassName=采集卡 Member=Component R57 Res1
Added Member To Class: ClassName=采集卡 Member=Component R58 Res1
Added Member To Class: ClassName=采集卡 Member=Component R59 Res1
Added Member To Class: ClassName=采集卡 Member=Component R60 Res1
Added Member To Class: ClassName=采集卡 Member=Component R61 0.1%
Added Member To Class: ClassName=采集卡 Member=Component R62 0.1%
Added Member To Class: ClassName=采集卡 Member=Component R63 Res1
Added Member To Class: ClassName=采集卡 Member=Component R64 Res1
Added Member To Class: ClassName=采集卡 Member=Component R65 Res1
Added Member To Class: ClassName=采集卡 Member=Component R66 0.1%
Added Member To Class: ClassName=采集卡 Member=Component R67 0.1%
Added Member To Class: ClassName=采集卡 Member=Component R68 Res1
Added Member To Class: ClassName=采集卡 Member=Component R69 Res1
Added Member To Class: ClassName=采集卡 Member=Component R70 Res1
Added Member To Class: ClassName=采集卡 Member=Component R71 Res1
Added Member To Class: ClassName=采集卡 Member=Component R72 0.1%
Added Member To Class: ClassName=采集卡 Member=Component R73 0.1%
Added Member To Class: ClassName=采集卡 Member=Component R74 Res1
Added Member To Class: ClassName=采集卡 Member=Component R75 Res1
Added Member To Class: ClassName=采集卡 Member=Component RST1 复位
Added Member To Class: ClassName=采集卡 Member=Component RX1 LED0
Added Member To Class: ClassName=采集卡 Member=Component SDCard1 SDCARD-M
Added Member To Class: ClassName=采集卡 Member=Component Signal1 信号
Added Member To Class: ClassName=采集卡 Member=Component STLINK1 USB_M
Added Member To Class: ClassName=采集卡 Member=Component STM1 STM32F103VBT6
Added Member To Class: ClassName=采集卡 Member=Component TX1 LED0
Added Member To Class: ClassName=采集卡 Member=Component UART1 USB_M
Added Member To Class: ClassName=采集卡 Member=Component XTAL1 32.768K
Added Room: Name=采集卡
