Removed Pin From Net: NetName=SD_D2 Pin=SDCard1-1
Removed Pin From Net: NetName=SD_D3 Pin=SDCard1-2
Removed Pin From Net: NetName=SD_CMD Pin=SDCard1-3
Removed Pin From Net: NetName=3V3 Pin=SDCard1-4
Removed Pin From Net: NetName=SD_CLK Pin=SDCard1-5
Removed Pin From Net: NetName=GND Pin=SDCard1-6
Removed Pin From Net: NetName=SD_D0 Pin=SDCard1-7
Removed Pin From Net: NetName=SD_D1 Pin=SDCard1-8
Removed Pin From Net: NetName=GND Pin=SDCard1-10
Removed Pin From Net: NetName=GND Pin=SDCard1-11
Removed Pin From Net: NetName=GND Pin=SDCard1-12
Removed Pin From Net: NetName=GND Pin=SDCard1-13
Removed Member From Class: ClassName=²É¼¯¿¨ Member=SDCard1
Added Component: Designator=J?(SDCARD_B)
Added Pin To Net: NetName=SD_D3 Pin=J?-1
Added Pin To Net: NetName=SD_CMD Pin=J?-2
Added Pin To Net: NetName=GND Pin=J?-3
Added Pin To Net: NetName=3V3 Pin=J?-4
Added Pin To Net: NetName=SD_CLK Pin=J?-5
Added Pin To Net: NetName=GND Pin=J?-6
Added Pin To Net: NetName=SD_D0 Pin=J?-7
Added Pin To Net: NetName=SD_D1 Pin=J?-8
Added Pin To Net: NetName=SD_D2 Pin=J?-9
Added Pin To Net: NetName=GND Pin=J?-12
Added Pin To Net: NetName=GND Pin=J?-13
