Removed Pin From Net: NetName=NetL2_1 Pin=1-1
Removed Pin From Net: NetName=3V3 Pin=Power1-6
Removed Pin From Net: NetName=3V3 Pin=Power1-7
Removed Pin From Net: NetName=3V3 Pin=Power1-8
Removed Pin From Net: NetName=3V3 Pin=Power1-9
Removed Pin From Net: NetName=3V3 Pin=Power1-10
Removed Pin From Net: NetName=CAPTURE3 Pin=Signal1-18
Removed Pin From Net: NetName=CAPTURE2 Pin=Signal1-19
Removed Pin From Net: NetName=CAPTURE1 Pin=Signal1-20
Removed Pin From Net: NetName=CAPTURE0 Pin=Signal1-21
Removed Pin From Net: NetName=PWM3 Pin=Signal1-22
Removed Pin From Net: NetName=PWM2 Pin=Signal1-23
Removed Pin From Net: NetName=PWM1 Pin=Signal1-24
Removed Pin From Net: NetName=PWM0 Pin=Signal1-25
Removed Member From Class: ClassName=采集卡 Member=9
Change Component Designator: OldDesignator=2 NewDesignator=7
Change Component Designator: OldDesignator=3 NewDesignator=6
Change Component Designator: OldDesignator=4 NewDesignator=1
Change Component Designator: OldDesignator=5 NewDesignator=4
Change Component Designator: OldDesignator=6 NewDesignator=5
Change Component Designator: OldDesignator=7 NewDesignator=3
Change Component Designator: OldDesignator=8 NewDesignator=2
Change Component Designator: OldDesignator=9 NewDesignator=8
Change Component Designator: OldDesignator=C1 NewDesignator=C21
Change Component Designator: OldDesignator=C2 NewDesignator=C22
Change Component Designator: OldDesignator=C3 NewDesignator=C9
Change Component Designator: OldDesignator=C4 NewDesignator=C12
Change Component Designator: OldDesignator=C5 NewDesignator=C20
Change Component Designator: OldDesignator=C6 NewDesignator=C17
Change Component Designator: OldDesignator=C7 NewDesignator=C18
Change Component Designator: OldDesignator=C8 NewDesignator=C14
Change Component Designator: OldDesignator=C9 NewDesignator=C4
Change Component Designator: OldDesignator=C10 NewDesignator=C15
Change Component Designator: OldDesignator=C12 NewDesignator=C1
Change Component Designator: OldDesignator=C13 NewDesignator=C8
Change Component Designator: OldDesignator=C14 NewDesignator=C7
Change Component Designator: OldDesignator=C15 NewDesignator=C3
Change Component Designator: OldDesignator=C16 NewDesignator=C2
Change Component Designator: OldDesignator=C17 NewDesignator=C6
Change Component Designator: OldDesignator=C18 NewDesignator=C5
Change Component Designator: OldDesignator=C19 NewDesignator=C16
Change Component Designator: OldDesignator=C20 NewDesignator=C13
Change Component Designator: OldDesignator=C21 NewDesignator=C10
Change Component Designator: OldDesignator=C22 NewDesignator=C19
Change Component Designator: OldDesignator=D1 NewDesignator=D4
Change Component Designator: OldDesignator=D3 NewDesignator=D1
Change Component Designator: OldDesignator=D4 NewDesignator=D3
Change Component Designator: OldDesignator=GND1 NewDesignator=P1
Change Component Designator: OldDesignator=L1 NewDesignator=L2
Change Component Designator: OldDesignator=L2 NewDesignator=L1
Change Component Designator: OldDesignator=R1 NewDesignator=R34
Change Component Designator: OldDesignator=R2 NewDesignator=R37
Change Component Designator: OldDesignator=R3 NewDesignator=R21
Change Component Designator: OldDesignator=R4 NewDesignator=R1
Change Component Designator: OldDesignator=R5 NewDesignator=R40
Change Component Designator: OldDesignator=R6 NewDesignator=R24
Change Component Designator: OldDesignator=R7 NewDesignator=R23
Change Component Designator: OldDesignator=R8 NewDesignator=R22
Change Component Designator: OldDesignator=R9 NewDesignator=R2
Change Component Designator: OldDesignator=R10 NewDesignator=R3
Change Component Designator: OldDesignator=R11 NewDesignator=R7
Change Component Designator: OldDesignator=R12 NewDesignator=R8
Change Component Designator: OldDesignator=R13 NewDesignator=R4
Change Component Designator: OldDesignator=R14 NewDesignator=R9
Change Component Designator: OldDesignator=R15 NewDesignator=R5
Change Component Designator: OldDesignator=R16 NewDesignator=R6
Change Component Designator: OldDesignator=R17 NewDesignator=R19
Change Component Designator: OldDesignator=R18 NewDesignator=R20
Change Component Designator: OldDesignator=R19 NewDesignator=R11
Change Component Designator: OldDesignator=R20 NewDesignator=R14
Change Component Designator: OldDesignator=R21 NewDesignator=R16
Change Component Designator: OldDesignator=R22 NewDesignator=R18
Change Component Designator: OldDesignator=R23 NewDesignator=R12
Change Component Designator: OldDesignator=R24 NewDesignator=R15
Change Component Designator: OldDesignator=R25 NewDesignator=R10
Change Component Designator: OldDesignator=R26 NewDesignator=R13
Change Component Designator: OldDesignator=R27 NewDesignator=R17
Added Component: Designator=*1(SOIC8_N)
Added Component: Designator=*2(SOIC8_N)
Added Component: Designator=Fuse2(1206)
Added Component: Designator=J1(SOP127P710X350-4N)
Added Component: Designator=J2(SOP127P710X350-4N)
Added Component: Designator=J3(SOP127P710X350-4N)
Added Component: Designator=J4(SOP127P710X350-4N)
Added Component: Designator=J5(SOP127P710X350-4N)
Added Component: Designator=J6(SOP127P710X350-4N)
Added Component: Designator=J7(SOP127P710X350-4N)
Added Component: Designator=J8(SOP127P710X350-4N)
Added Component: Designator=R25(0603-1)
Added Component: Designator=R26(0603-1)
Added Component: Designator=R27(0603-1)
Added Component: Designator=R28(0603-1)
Added Component: Designator=R29(0603-1)
Added Component: Designator=R30(0603-1)
Added Component: Designator=R31(0603-1)
Added Component: Designator=R32(0603-1)
Added Component: Designator=R33(8-RL-0603)
Added Component: Designator=R35(0603-1)
Added Component: Designator=R36(0603-1)
Added Component: Designator=R38(0603-1)
Added Component: Designator=R39(0603-1)
Added Component: Designator=R41(0603-1)
Added Component: Designator=R42(0603-1)
Added Component: Designator=R43(0603-1)
Added Component: Designator=R44(0603-1)
Added Pin To Net: NetName=悬架行程―左前 Pin=*1-1
Added Pin To Net: NetName=悬架行程―左前 Pin=*1-2
Added Pin To Net: NetName=GND Pin=*1-4
Added Pin To Net: NetName=悬架行程―左后 Pin=*1-6
Added Pin To Net: NetName=悬架行程―左后 Pin=*1-7
Added Pin To Net: NetName=悬架行程―右后 Pin=*2-1
Added Pin To Net: NetName=悬架行程―右后 Pin=*2-2
Added Pin To Net: NetName=GND Pin=*2-4
Added Pin To Net: NetName=悬架行程―右前 Pin=*2-6
Added Pin To Net: NetName=悬架行程―右前 Pin=*2-7
Added Pin To Net: NetName=3V3 Pin=Fuse2-2
Added Pin To Net: NetName=GND Pin=J1-3
Added Pin To Net: NetName=CAPTURE0 Pin=J1-4
Added Pin To Net: NetName=PWM0 Pin=J2-2
Added Pin To Net: NetName=GND Pin=J3-3
Added Pin To Net: NetName=CAPTURE1 Pin=J3-4
Added Pin To Net: NetName=PWM1 Pin=J4-2
Added Pin To Net: NetName=GND Pin=J5-3
Added Pin To Net: NetName=CAPTURE2 Pin=J5-4
Added Pin To Net: NetName=PWM2 Pin=J6-2
Added Pin To Net: NetName=GND Pin=J7-3
Added Pin To Net: NetName=CAPTURE3 Pin=J7-4
Added Pin To Net: NetName=PWM3 Pin=J8-2
Added Pin To Net: NetName=5V Pin=R25-1
Added Pin To Net: NetName=3V3 Pin=R26-1
Added Pin To Net: NetName=CAPTURE0 Pin=R26-2
Added Pin To Net: NetName=5V Pin=R27-1
Added Pin To Net: NetName=3V3 Pin=R28-1
Added Pin To Net: NetName=5V Pin=R29-1
Added Pin To Net: NetName=3V3 Pin=R30-1
Added Pin To Net: NetName=CAPTURE1 Pin=R30-2
Added Pin To Net: NetName=5V Pin=R31-1
Added Pin To Net: NetName=3V3 Pin=R32-1
Added Pin To Net: NetName=NetL2_1 Pin=R33-1
Added Pin To Net: NetName=5V Pin=R35-1
Added Pin To Net: NetName=3V3 Pin=R36-1
Added Pin To Net: NetName=CAPTURE2 Pin=R36-2
Added Pin To Net: NetName=5V Pin=R38-1
Added Pin To Net: NetName=3V3 Pin=R39-1
Added Pin To Net: NetName=5V Pin=R41-1
Added Pin To Net: NetName=3V3 Pin=R42-1
Added Pin To Net: NetName=CAPTURE3 Pin=R42-2
Added Pin To Net: NetName=5V Pin=R43-1
Added Pin To Net: NetName=3V3 Pin=R44-1
Change Net Name : Old Net Name=Net3V_1 New Net Name=Net5_1
Change Net Name : Old Net Name=Net5V_1 New Net Name=Net4_1
Change Net Name : Old Net Name=Net8M_1 New Net Name=Net7_1
Change Net Name : Old Net Name=Net8M_2 New Net Name=Net7_2
Change Net Name : Old Net Name=Net12M_1 New Net Name=Net8_1
Change Net Name : Old Net Name=Net12M_2 New Net Name=Net8_2
Change Net Name : Old Net Name=Net2596_1 New Net Name=Net1_1
Change Net Name : Old Net Name=Net2596_2 New Net Name=Net1_2
Change Net Name : Old Net Name=Net6050_10 New Net Name=Net6_10
Change Net Name : Old Net Name=Net6050_20 New Net Name=Net6_20
Change Net Name : Old Net Name=NetAntenna_1 New Net Name=NetAntenna1_1
Change Net Name : Old Net Name=NetCH340_13 New Net Name=NetCH1_13
Change Net Name : Old Net Name=NetCH340_14 New Net Name=NetCH1_14
Change Net Name : Old Net Name=NetD5_2 New Net Name=NetD3_2
Change Net Name : Old Net Name=NetGPS-NEO-6M_20 New Net Name=NetGPS-NEO-1_20
Change Net Name : Old Net Name=NetGPS-NEO-6M_21 New Net Name=NetGPS-NEO-1_21
Change Net Name : Old Net Name=NetPCC_2 New Net Name=NetPCC1_2
Change Net Name : Old Net Name=NetR10_2 New Net Name=NetR9_2
Change Net Name : Old Net Name=NetR11_2 New Net Name=NetR10_2
Change Net Name : Old Net Name=NetR14_2 New Net Name=NetR13_2
Change Net Name : Old Net Name=P_OUT New Net Name=5V_OUT
Added Pin To Net: NetName=3V3_OUT Pin=Fuse2-1
Added Pin To Net: NetName=3V3_OUT Pin=Power1-6
Added Pin To Net: NetName=3V3_OUT Pin=Power1-7
Added Pin To Net: NetName=3V3_OUT Pin=Power1-8
Added Pin To Net: NetName=3V3_OUT Pin=Power1-9
Added Pin To Net: NetName=3V3_OUT Pin=Power1-10
Added Net: Name=3V3_OUT
Added Pin To Net: NetName=CAP_IN0 Pin=J1-2
Added Pin To Net: NetName=CAP_IN0 Pin=Signal1-21
Added Net: Name=CAP_IN0
Added Pin To Net: NetName=CAP_IN1 Pin=J3-2
Added Pin To Net: NetName=CAP_IN1 Pin=Signal1-20
Added Net: Name=CAP_IN1
Added Pin To Net: NetName=CAP_IN2 Pin=J5-2
Added Pin To Net: NetName=CAP_IN2 Pin=Signal1-19
Added Net: Name=CAP_IN2
Added Pin To Net: NetName=CAP_IN3 Pin=J7-2
Added Pin To Net: NetName=CAP_IN3 Pin=Signal1-18
Added Net: Name=CAP_IN3
Added Pin To Net: NetName=NetGPS-NEO-1_9 Pin=GPS-NEO-1-9
Added Pin To Net: NetName=NetGPS-NEO-1_9 Pin=R33-2
Added Net: Name=NetGPS-NEO-1_9
Added Pin To Net: NetName=NetJ1_1 Pin=J1-1
Added Pin To Net: NetName=NetJ1_1 Pin=R25-2
Added Net: Name=NetJ1_1
Added Pin To Net: NetName=NetJ2_1 Pin=J2-1
Added Pin To Net: NetName=NetJ2_1 Pin=R28-2
Added Net: Name=NetJ2_1
Added Pin To Net: NetName=NetJ2_4 Pin=J2-4
Added Pin To Net: NetName=NetJ2_4 Pin=R27-2
Added Net: Name=NetJ2_4
Added Pin To Net: NetName=NetJ3_1 Pin=J3-1
Added Pin To Net: NetName=NetJ3_1 Pin=R29-2
Added Net: Name=NetJ3_1
Added Pin To Net: NetName=NetJ4_1 Pin=J4-1
Added Pin To Net: NetName=NetJ4_1 Pin=R32-2
Added Net: Name=NetJ4_1
Added Pin To Net: NetName=NetJ4_4 Pin=J4-4
Added Pin To Net: NetName=NetJ4_4 Pin=R31-2
Added Net: Name=NetJ4_4
Added Pin To Net: NetName=NetJ5_1 Pin=J5-1
Added Pin To Net: NetName=NetJ5_1 Pin=R35-2
Added Net: Name=NetJ5_1
Added Pin To Net: NetName=NetJ6_1 Pin=J6-1
Added Pin To Net: NetName=NetJ6_1 Pin=R39-2
Added Net: Name=NetJ6_1
Added Pin To Net: NetName=NetJ6_4 Pin=J6-4
Added Pin To Net: NetName=NetJ6_4 Pin=R38-2
Added Net: Name=NetJ6_4
Added Pin To Net: NetName=NetJ7_1 Pin=J7-1
Added Pin To Net: NetName=NetJ7_1 Pin=R41-2
Added Net: Name=NetJ7_1
Added Pin To Net: NetName=NetJ8_1 Pin=J8-1
Added Pin To Net: NetName=NetJ8_1 Pin=R44-2
Added Net: Name=NetJ8_1
Added Pin To Net: NetName=NetJ8_4 Pin=J8-4
Added Pin To Net: NetName=NetJ8_4 Pin=R43-2
Added Net: Name=NetJ8_4
Added Pin To Net: NetName=PWM_O0 Pin=J2-3
Added Pin To Net: NetName=PWM_O0 Pin=Signal1-25
Added Net: Name=PWM_O0
Added Pin To Net: NetName=PWM_O1 Pin=J4-3
Added Pin To Net: NetName=PWM_O1 Pin=Signal1-24
Added Net: Name=PWM_O1
Added Pin To Net: NetName=PWM_O2 Pin=J6-3
Added Pin To Net: NetName=PWM_O2 Pin=Signal1-23
Added Net: Name=PWM_O2
Added Pin To Net: NetName=PWM_O3 Pin=J8-3
Added Pin To Net: NetName=PWM_O3 Pin=Signal1-22
Added Net: Name=PWM_O3
Added Pin To Net: NetName=右前 Pin=*2-5
Added Net: Name=右前
Added Pin To Net: NetName=右后 Pin=*2-3
Added Net: Name=右后
Added Pin To Net: NetName=左前 Pin=*1-3
Added Net: Name=左前
Added Pin To Net: NetName=左后 Pin=*1-5
Added Net: Name=左后
Added Member To Class: ClassName=采集卡 Member=Component *1 NE5532
Added Member To Class: ClassName=采集卡 Member=Component *2 NE5532
Added Member To Class: ClassName=采集卡 Member=Component Fuse2 自恢复保险丝
Added Member To Class: ClassName=采集卡 Member=Component J1 TLP281
Added Member To Class: ClassName=采集卡 Member=Component J2 TLP281
Added Member To Class: ClassName=采集卡 Member=Component J3 TLP281
Added Member To Class: ClassName=采集卡 Member=Component J4 TLP281
Added Member To Class: ClassName=采集卡 Member=Component J5 TLP281
Added Member To Class: ClassName=采集卡 Member=Component J6 TLP281
Added Member To Class: ClassName=采集卡 Member=Component J7 TLP281
Added Member To Class: ClassName=采集卡 Member=Component J8 TLP281
Added Member To Class: ClassName=采集卡 Member=Component R28 Res1
Added Member To Class: ClassName=采集卡 Member=Component R29 Res1
Added Member To Class: ClassName=采集卡 Member=Component R30 Res1
Added Member To Class: ClassName=采集卡 Member=Component R31 Res1
Added Member To Class: ClassName=采集卡 Member=Component R32 Res1
Added Member To Class: ClassName=采集卡 Member=Component R33 10
Added Member To Class: ClassName=采集卡 Member=Component R34 51R
Added Member To Class: ClassName=采集卡 Member=Component R35 Res1
Added Member To Class: ClassName=采集卡 Member=Component R36 Res1
Added Member To Class: ClassName=采集卡 Member=Component R37 51R
Added Member To Class: ClassName=采集卡 Member=Component R38 Res1
Added Member To Class: ClassName=采集卡 Member=Component R39 Res1
Added Member To Class: ClassName=采集卡 Member=Component R40 1K
Added Member To Class: ClassName=采集卡 Member=Component R41 Res1
Added Member To Class: ClassName=采集卡 Member=Component R42 Res1
Added Member To Class: ClassName=采集卡 Member=Component R43 Res1
Added Member To Class: ClassName=采集卡 Member=Component R44 Res1
Added Room: Name=采集卡
